mode: set
github.com/house-of-cards/hoc/cmd/bill.go:19.47,21.3 1 0
github.com/house-of-cards/hoc/cmd/bill.go:25.13,58.2 27 1
github.com/house-of-cards/hoc/cmd/bill.go:63.54,64.34 1 1
github.com/house-of-cards/hoc/cmd/bill.go:64.34,66.4 1 0
github.com/house-of-cards/hoc/cmd/bill.go:67.3,70.17 3 1
github.com/house-of-cards/hoc/cmd/bill.go:70.17,72.4 1 0
github.com/house-of-cards/hoc/cmd/bill.go:74.3,75.15 2 1
github.com/house-of-cards/hoc/cmd/bill.go:75.15,86.28 3 1
github.com/house-of-cards/hoc/cmd/bill.go:86.28,96.5 1 1
github.com/house-of-cards/hoc/cmd/bill.go:97.4,99.26 3 1
github.com/house-of-cards/hoc/cmd/bill.go:102.3,102.22 1 0
github.com/house-of-cards/hoc/cmd/bill.go:102.22,105.4 2 0
github.com/house-of-cards/hoc/cmd/bill.go:107.3,109.27 3 0
github.com/house-of-cards/hoc/cmd/bill.go:109.27,112.22 3 0
github.com/house-of-cards/hoc/cmd/bill.go:112.22,114.5 1 0
github.com/house-of-cards/hoc/cmd/bill.go:115.4,116.21 2 0
github.com/house-of-cards/hoc/cmd/bill.go:116.21,118.5 1 0
github.com/house-of-cards/hoc/cmd/bill.go:119.4,121.86 3 0
github.com/house-of-cards/hoc/cmd/bill.go:123.3,123.13 1 0
github.com/house-of-cards/hoc/cmd/bill.go:131.54,132.34 1 0
github.com/house-of-cards/hoc/cmd/bill.go:132.34,134.4 1 0
github.com/house-of-cards/hoc/cmd/bill.go:135.3,138.17 3 0
github.com/house-of-cards/hoc/cmd/bill.go:138.17,140.4 1 0
github.com/house-of-cards/hoc/cmd/bill.go:142.3,152.24 11 0
github.com/house-of-cards/hoc/cmd/bill.go:152.24,154.4 1 0
github.com/house-of-cards/hoc/cmd/bill.go:155.3,155.33 1 0
github.com/house-of-cards/hoc/cmd/bill.go:155.33,157.4 1 0
github.com/house-of-cards/hoc/cmd/bill.go:158.3,158.61 1 0
github.com/house-of-cards/hoc/cmd/bill.go:158.61,160.4 1 0
github.com/house-of-cards/hoc/cmd/bill.go:163.3,169.38 4 0
github.com/house-of-cards/hoc/cmd/bill.go:169.38,171.31 2 0
github.com/house-of-cards/hoc/cmd/bill.go:171.31,178.5 1 0
github.com/house-of-cards/hoc/cmd/bill.go:180.3,180.13 1 0
github.com/house-of-cards/hoc/cmd/bill.go:187.54,188.34 1 0
github.com/house-of-cards/hoc/cmd/bill.go:188.34,190.4 1 0
github.com/house-of-cards/hoc/cmd/bill.go:191.3,199.13 6 0
github.com/house-of-cards/hoc/cmd/bill.go:199.13,200.57 1 0
github.com/house-of-cards/hoc/cmd/bill.go:200.57,202.5 1 0
github.com/house-of-cards/hoc/cmd/bill.go:205.3,216.45 3 0
github.com/house-of-cards/hoc/cmd/bill.go:216.45,218.4 1 0
github.com/house-of-cards/hoc/cmd/bill.go:219.3,224.19 5 0
github.com/house-of-cards/hoc/cmd/bill.go:224.19,226.4 1 0
github.com/house-of-cards/hoc/cmd/bill.go:227.3,228.13 2 0
github.com/house-of-cards/hoc/cmd/bill.go:236.54,237.34 1 0
github.com/house-of-cards/hoc/cmd/bill.go:237.34,239.4 1 0
github.com/house-of-cards/hoc/cmd/bill.go:240.3,247.17 5 0
github.com/house-of-cards/hoc/cmd/bill.go:247.17,249.4 1 0
github.com/house-of-cards/hoc/cmd/bill.go:252.3,253.17 2 0
github.com/house-of-cards/hoc/cmd/bill.go:253.17,255.4 1 0
github.com/house-of-cards/hoc/cmd/bill.go:258.3,258.59 1 0
github.com/house-of-cards/hoc/cmd/bill.go:258.59,260.4 1 0
github.com/house-of-cards/hoc/cmd/bill.go:261.3,261.64 1 0
github.com/house-of-cards/hoc/cmd/bill.go:261.64,263.4 1 0
github.com/house-of-cards/hoc/cmd/bill.go:266.3,267.61 2 0
github.com/house-of-cards/hoc/cmd/bill.go:267.61,269.4 1 0
github.com/house-of-cards/hoc/cmd/bill.go:271.3,290.13 9 0
github.com/house-of-cards/hoc/cmd/bill.go:304.54,305.34 1 0
github.com/house-of-cards/hoc/cmd/bill.go:305.34,307.4 1 0
github.com/house-of-cards/hoc/cmd/bill.go:308.3,316.17 7 0
github.com/house-of-cards/hoc/cmd/bill.go:316.17,318.4 1 0
github.com/house-of-cards/hoc/cmd/bill.go:321.3,321.64 1 0
github.com/house-of-cards/hoc/cmd/bill.go:321.64,323.4 1 0
github.com/house-of-cards/hoc/cmd/bill.go:326.3,327.23 2 0
github.com/house-of-cards/hoc/cmd/bill.go:327.23,337.46 2 0
github.com/house-of-cards/hoc/cmd/bill.go:337.46,339.5 1 0
github.com/house-of-cards/hoc/cmd/bill.go:343.3,344.18 2 0
github.com/house-of-cards/hoc/cmd/bill.go:344.18,346.4 1 0
github.com/house-of-cards/hoc/cmd/bill.go:347.3,357.23 4 0
github.com/house-of-cards/hoc/cmd/bill.go:357.23,359.4 1 0
github.com/house-of-cards/hoc/cmd/bill.go:360.3,360.18 1 0
github.com/house-of-cards/hoc/cmd/bill.go:360.18,362.4 1 0
github.com/house-of-cards/hoc/cmd/bill.go:363.3,363.13 1 0
github.com/house-of-cards/hoc/cmd/bill.go:375.54,376.34 1 0
github.com/house-of-cards/hoc/cmd/bill.go:376.34,378.4 1 0
github.com/house-of-cards/hoc/cmd/bill.go:379.3,383.17 4 0
github.com/house-of-cards/hoc/cmd/bill.go:383.17,385.4 1 0
github.com/house-of-cards/hoc/cmd/bill.go:387.3,387.51 1 0
github.com/house-of-cards/hoc/cmd/bill.go:387.51,389.4 1 0
github.com/house-of-cards/hoc/cmd/bill.go:391.3,391.66 1 0
github.com/house-of-cards/hoc/cmd/bill.go:391.66,393.4 1 0
github.com/house-of-cards/hoc/cmd/bill.go:396.3,413.13 10 0
github.com/house-of-cards/hoc/cmd/bill.go:424.54,425.34 1 0
github.com/house-of-cards/hoc/cmd/bill.go:425.34,427.4 1 0
github.com/house-of-cards/hoc/cmd/bill.go:428.3,436.21 7 0
github.com/house-of-cards/hoc/cmd/bill.go:436.21,438.4 1 0
github.com/house-of-cards/hoc/cmd/bill.go:439.3,439.19 1 0
github.com/house-of-cards/hoc/cmd/bill.go:439.19,441.4 1 0
github.com/house-of-cards/hoc/cmd/bill.go:443.3,444.17 2 0
github.com/house-of-cards/hoc/cmd/bill.go:444.17,446.4 1 0
github.com/house-of-cards/hoc/cmd/bill.go:448.3,448.30 1 0
github.com/house-of-cards/hoc/cmd/bill.go:448.30,450.4 1 0
github.com/house-of-cards/hoc/cmd/bill.go:452.3,454.11 2 0
github.com/house-of-cards/hoc/cmd/bill.go:454.11,456.65 1 0
github.com/house-of-cards/hoc/cmd/bill.go:456.65,458.5 1 0
github.com/house-of-cards/hoc/cmd/bill.go:461.4,461.24 1 0
github.com/house-of-cards/hoc/cmd/bill.go:461.24,471.5 2 0
github.com/house-of-cards/hoc/cmd/bill.go:474.4,475.19 2 0
github.com/house-of-cards/hoc/cmd/bill.go:475.19,477.5 1 0
github.com/house-of-cards/hoc/cmd/bill.go:478.4,478.19 1 0
github.com/house-of-cards/hoc/cmd/bill.go:478.19,480.5 1 0
github.com/house-of-cards/hoc/cmd/bill.go:481.4,492.19 5 0
github.com/house-of-cards/hoc/cmd/bill.go:492.19,494.5 1 0
github.com/house-of-cards/hoc/cmd/bill.go:495.9,497.65 1 0
github.com/house-of-cards/hoc/cmd/bill.go:497.65,499.5 1 0
github.com/house-of-cards/hoc/cmd/bill.go:502.4,503.19 2 0
github.com/house-of-cards/hoc/cmd/bill.go:503.19,505.5 1 0
github.com/house-of-cards/hoc/cmd/bill.go:506.4,517.19 5 0
github.com/house-of-cards/hoc/cmd/bill.go:517.19,519.5 1 0
github.com/house-of-cards/hoc/cmd/bill.go:521.3,521.13 1 0
github.com/house-of-cards/hoc/cmd/bill.go:531.54,532.34 1 0
github.com/house-of-cards/hoc/cmd/bill.go:532.34,534.4 1 0
github.com/house-of-cards/hoc/cmd/bill.go:535.3,541.17 5 0
github.com/house-of-cards/hoc/cmd/bill.go:541.17,543.4 1 0
github.com/house-of-cards/hoc/cmd/bill.go:545.3,545.82 1 0
github.com/house-of-cards/hoc/cmd/bill.go:545.82,547.4 1 0
github.com/house-of-cards/hoc/cmd/bill.go:549.3,550.62 2 0
github.com/house-of-cards/hoc/cmd/bill.go:550.62,552.4 1 0
github.com/house-of-cards/hoc/cmd/bill.go:553.3,553.56 1 0
github.com/house-of-cards/hoc/cmd/bill.go:553.56,555.4 1 0
github.com/house-of-cards/hoc/cmd/bill.go:557.3,561.19 4 0
github.com/house-of-cards/hoc/cmd/bill.go:561.19,563.4 1 0
github.com/house-of-cards/hoc/cmd/bill.go:564.3,574.19 5 0
github.com/house-of-cards/hoc/cmd/bill.go:574.19,576.4 1 0
github.com/house-of-cards/hoc/cmd/bill.go:577.3,577.13 1 0
github.com/house-of-cards/hoc/cmd/bill.go:585.54,586.34 1 0
github.com/house-of-cards/hoc/cmd/bill.go:586.34,588.4 1 0
github.com/house-of-cards/hoc/cmd/bill.go:589.3,593.17 4 0
github.com/house-of-cards/hoc/cmd/bill.go:593.17,595.4 1 0
github.com/house-of-cards/hoc/cmd/bill.go:597.3,597.26 1 0
github.com/house-of-cards/hoc/cmd/bill.go:597.26,599.4 1 0
github.com/house-of-cards/hoc/cmd/bill.go:601.3,604.13 3 0
github.com/house-of-cards/hoc/cmd/bill.go:618.54,619.34 1 0
github.com/house-of-cards/hoc/cmd/bill.go:619.34,621.4 1 0
github.com/house-of-cards/hoc/cmd/bill.go:622.3,628.17 5 0
github.com/house-of-cards/hoc/cmd/bill.go:628.17,630.4 1 0
github.com/house-of-cards/hoc/cmd/bill.go:632.3,632.51 1 0
github.com/house-of-cards/hoc/cmd/bill.go:632.51,634.4 1 0
github.com/house-of-cards/hoc/cmd/bill.go:636.3,636.25 1 0
github.com/house-of-cards/hoc/cmd/bill.go:636.25,638.4 1 0
github.com/house-of-cards/hoc/cmd/bill.go:641.3,642.35 2 0
github.com/house-of-cards/hoc/cmd/bill.go:642.35,654.45 3 0
github.com/house-of-cards/hoc/cmd/bill.go:654.45,656.5 1 0
github.com/house-of-cards/hoc/cmd/bill.go:657.4,658.59 2 0
github.com/house-of-cards/hoc/cmd/bill.go:662.3,662.61 1 0
github.com/house-of-cards/hoc/cmd/bill.go:662.61,664.4 1 0
github.com/house-of-cards/hoc/cmd/bill.go:666.3,670.13 4 0
github.com/house-of-cards/hoc/cmd/cabinet.go:18.47,20.3 1 0
github.com/house-of-cards/hoc/cmd/cabinet.go:24.13,30.2 4 1
github.com/house-of-cards/hoc/cmd/cabinet.go:35.54,36.34 1 0
github.com/house-of-cards/hoc/cmd/cabinet.go:36.34,38.4 1 0
github.com/house-of-cards/hoc/cmd/cabinet.go:39.3,42.17 3 0
github.com/house-of-cards/hoc/cmd/cabinet.go:42.17,44.4 1 0
github.com/house-of-cards/hoc/cmd/cabinet.go:46.3,49.26 3 0
github.com/house-of-cards/hoc/cmd/cabinet.go:49.26,52.4 2 0
github.com/house-of-cards/hoc/cmd/cabinet.go:54.3,54.31 1 0
github.com/house-of-cards/hoc/cmd/cabinet.go:54.31,56.20 2 0
github.com/house-of-cards/hoc/cmd/cabinet.go:57.19,58.24 1 0
github.com/house-of-cards/hoc/cmd/cabinet.go:59.16,60.24 1 0
github.com/house-of-cards/hoc/cmd/cabinet.go:61.17,62.24 1 0
github.com/house-of-cards/hoc/cmd/cabinet.go:65.4,69.17 4 0
github.com/house-of-cards/hoc/cmd/cabinet.go:69.17,72.5 2 0
github.com/house-of-cards/hoc/cmd/cabinet.go:74.4,84.28 9 0
github.com/house-of-cards/hoc/cmd/cabinet.go:84.28,86.35 2 0
github.com/house-of-cards/hoc/cmd/cabinet.go:86.35,87.15 1 0
github.com/house-of-cards/hoc/cmd/cabinet.go:87.15,89.7 1 0
github.com/house-of-cards/hoc/cmd/cabinet.go:90.6,90.46 1 0
github.com/house-of-cards/hoc/cmd/cabinet.go:92.5,92.18 1 0
github.com/house-of-cards/hoc/cmd/cabinet.go:95.3,97.13 3 0
github.com/house-of-cards/hoc/cmd/cabinet.go:107.54,108.34 1 0
github.com/house-of-cards/hoc/cmd/cabinet.go:108.34,110.4 1 0
github.com/house-of-cards/hoc/cmd/cabinet.go:111.3,115.25 4 0
github.com/house-of-cards/hoc/cmd/cabinet.go:115.25,117.4 1 0
github.com/house-of-cards/hoc/cmd/cabinet.go:120.3,121.17 2 0
github.com/house-of-cards/hoc/cmd/cabinet.go:121.17,123.4 1 0
github.com/house-of-cards/hoc/cmd/cabinet.go:125.3,126.27 2 0
github.com/house-of-cards/hoc/cmd/cabinet.go:126.27,127.54 1 0
github.com/house-of-cards/hoc/cmd/cabinet.go:127.54,129.5 1 0
github.com/house-of-cards/hoc/cmd/cabinet.go:132.3,132.27 1 0
github.com/house-of-cards/hoc/cmd/cabinet.go:132.27,135.4 2 0
github.com/house-of-cards/hoc/cmd/cabinet.go:138.3,139.17 2 0
github.com/house-of-cards/hoc/cmd/cabinet.go:139.17,141.4 1 0
github.com/house-of-cards/hoc/cmd/cabinet.go:143.3,143.30 1 0
github.com/house-of-cards/hoc/cmd/cabinet.go:143.30,147.4 3 0
github.com/house-of-cards/hoc/cmd/cabinet.go:149.3,165.35 10 0
github.com/house-of-cards/hoc/cmd/cabinet.go:165.35,167.19 2 0
github.com/house-of-cards/hoc/cmd/cabinet.go:167.19,169.13 2 0
github.com/house-of-cards/hoc/cmd/cabinet.go:171.4,172.77 2 0
github.com/house-of-cards/hoc/cmd/cabinet.go:175.3,176.33 2 0
github.com/house-of-cards/hoc/cmd/cabinet.go:176.33,178.23 2 0
github.com/house-of-cards/hoc/cmd/cabinet.go:178.23,180.5 1 0
github.com/house-of-cards/hoc/cmd/cabinet.go:181.4,183.17 3 0
github.com/house-of-cards/hoc/cmd/cabinet.go:183.17,185.5 1 0
github.com/house-of-cards/hoc/cmd/cabinet.go:186.4,187.64 1 0
github.com/house-of-cards/hoc/cmd/cabinet.go:190.3,190.15 1 0
github.com/house-of-cards/hoc/cmd/cabinet.go:190.15,193.4 2 0
github.com/house-of-cards/hoc/cmd/cabinet.go:196.3,197.33 2 0
github.com/house-of-cards/hoc/cmd/cabinet.go:197.33,198.66 1 0
github.com/house-of-cards/hoc/cmd/cabinet.go:198.66,200.13 2 0
github.com/house-of-cards/hoc/cmd/cabinet.go:202.4,202.68 1 0
github.com/house-of-cards/hoc/cmd/cabinet.go:202.68,204.5 1 0
github.com/house-of-cards/hoc/cmd/cabinet.go:207.4,218.73 3 0
github.com/house-of-cards/hoc/cmd/cabinet.go:220.3,221.13 2 0
github.com/house-of-cards/hoc/cmd/cabinet.go:228.147,234.25 4 0
github.com/house-of-cards/hoc/cmd/cabinet.go:234.25,236.37 1 0
github.com/house-of-cards/hoc/cmd/cabinet.go:236.37,237.12 1 0
github.com/house-of-cards/hoc/cmd/cabinet.go:240.3,241.10 2 0
github.com/house-of-cards/hoc/cmd/cabinet.go:242.24,243.13 1 0
github.com/house-of-cards/hoc/cmd/cabinet.go:244.50,245.14 1 0
github.com/house-of-cards/hoc/cmd/cabinet.go:246.11,247.12 1 0
github.com/house-of-cards/hoc/cmd/cabinet.go:251.3,252.16 2 0
github.com/house-of-cards/hoc/cmd/cabinet.go:252.16,254.4 1 0
github.com/house-of-cards/hoc/cmd/cabinet.go:257.3,259.24 2 0
github.com/house-of-cards/hoc/cmd/cabinet.go:259.24,262.4 2 0
github.com/house-of-cards/hoc/cmd/cabinet.go:265.2,265.13 1 0
github.com/house-of-cards/hoc/cmd/cabinet.go:269.62,270.22 1 0
github.com/house-of-cards/hoc/cmd/cabinet.go:270.22,272.3 1 0
github.com/house-of-cards/hoc/cmd/cabinet.go:273.2,274.68 2 0
github.com/house-of-cards/hoc/cmd/cabinet.go:274.68,276.3 1 0
github.com/house-of-cards/hoc/cmd/cabinet.go:277.2,277.27 1 0
github.com/house-of-cards/hoc/cmd/cabinet.go:277.27,278.38 1 0
github.com/house-of-cards/hoc/cmd/cabinet.go:278.38,280.4 1 0
github.com/house-of-cards/hoc/cmd/cabinet.go:282.2,282.14 1 0
github.com/house-of-cards/hoc/cmd/cabinet.go:286.49,287.22 1 1
github.com/house-of-cards/hoc/cmd/cabinet.go:287.22,289.3 1 1
github.com/house-of-cards/hoc/cmd/cabinet.go:290.2,291.68 2 0
github.com/house-of-cards/hoc/cmd/cabinet.go:291.68,293.3 1 0
github.com/house-of-cards/hoc/cmd/cabinet.go:294.2,294.15 1 0
github.com/house-of-cards/hoc/cmd/cabinet.go:298.43,299.22 1 0
github.com/house-of-cards/hoc/cmd/cabinet.go:299.22,301.3 1 0
github.com/house-of-cards/hoc/cmd/cabinet.go:302.2,302.35 1 0
github.com/house-of-cards/hoc/cmd/cabinet.go:306.59,308.26 2 0
github.com/house-of-cards/hoc/cmd/cabinet.go:308.26,309.19 1 0
github.com/house-of-cards/hoc/cmd/cabinet.go:310.44,310.44 0 0
github.com/house-of-cards/hoc/cmd/cabinet.go:312.11,313.30 1 0
github.com/house-of-cards/hoc/cmd/cabinet.go:316.2,316.15 1 0
github.com/house-of-cards/hoc/cmd/config_cmd.go:16.47,18.3 1 0
github.com/house-of-cards/hoc/cmd/config_cmd.go:30.54,34.17 3 0
github.com/house-of-cards/hoc/cmd/config_cmd.go:34.17,36.4 1 0
github.com/house-of-cards/hoc/cmd/config_cmd.go:39.3,51.13 7 0
github.com/house-of-cards/hoc/cmd/config_cmd.go:59.54,63.17 3 0
github.com/house-of-cards/hoc/cmd/config_cmd.go:63.17,65.4 1 0
github.com/house-of-cards/hoc/cmd/config_cmd.go:67.3,88.13 17 0
github.com/house-of-cards/hoc/cmd/config_cmd.go:93.13,98.2 3 1
github.com/house-of-cards/hoc/cmd/doctor.go:18.54,24.17 4 0
github.com/house-of-cards/hoc/cmd/doctor.go:24.17,26.4 1 0
github.com/house-of-cards/hoc/cmd/doctor.go:28.3,38.17 8 0
github.com/house-of-cards/hoc/cmd/doctor.go:38.17,41.4 2 0
github.com/house-of-cards/hoc/cmd/doctor.go:41.9,44.22 3 0
github.com/house-of-cards/hoc/cmd/doctor.go:44.22,48.47 3 0
github.com/house-of-cards/hoc/cmd/doctor.go:48.47,51.6 2 0
github.com/house-of-cards/hoc/cmd/doctor.go:53.4,54.19 2 0
github.com/house-of-cards/hoc/cmd/doctor.go:58.3,67.27 2 0
github.com/house-of-cards/hoc/cmd/doctor.go:67.27,70.18 3 0
github.com/house-of-cards/hoc/cmd/doctor.go:70.18,72.45 2 0
github.com/house-of-cards/hoc/cmd/doctor.go:72.45,74.6 1 0
github.com/house-of-cards/hoc/cmd/doctor.go:75.10,77.22 2 0
github.com/house-of-cards/hoc/cmd/doctor.go:77.22,79.6 1 0
github.com/house-of-cards/hoc/cmd/doctor.go:81.5,81.78 1 0
github.com/house-of-cards/hoc/cmd/doctor.go:81.78,83.6 1 0
github.com/house-of-cards/hoc/cmd/doctor.go:84.5,84.33 1 0
github.com/house-of-cards/hoc/cmd/doctor.go:89.3,89.15 1 0
github.com/house-of-cards/hoc/cmd/doctor.go:89.15,92.18 3 0
github.com/house-of-cards/hoc/cmd/doctor.go:92.18,94.5 1 0
github.com/house-of-cards/hoc/cmd/doctor.go:94.10,94.29 1 0
github.com/house-of-cards/hoc/cmd/doctor.go:94.29,96.29 2 0
github.com/house-of-cards/hoc/cmd/doctor.go:96.29,97.15 1 0
github.com/house-of-cards/hoc/cmd/doctor.go:97.15,99.7 1 0
github.com/house-of-cards/hoc/cmd/doctor.go:100.6,100.21 1 0
github.com/house-of-cards/hoc/cmd/doctor.go:102.5,105.16 3 0
github.com/house-of-cards/hoc/cmd/doctor.go:105.16,106.30 1 0
github.com/house-of-cards/hoc/cmd/doctor.go:106.30,107.66 1 0
github.com/house-of-cards/hoc/cmd/doctor.go:107.66,109.8 1 0
github.com/house-of-cards/hoc/cmd/doctor.go:109.13,112.8 2 0
github.com/house-of-cards/hoc/cmd/doctor.go:115.10,117.5 1 0
github.com/house-of-cards/hoc/cmd/doctor.go:121.3,121.15 1 0
github.com/house-of-cards/hoc/cmd/doctor.go:121.15,124.18 3 0
github.com/house-of-cards/hoc/cmd/doctor.go:124.18,126.5 1 0
github.com/house-of-cards/hoc/cmd/doctor.go:126.10,126.60 1 0
github.com/house-of-cards/hoc/cmd/doctor.go:126.60,129.5 2 0
github.com/house-of-cards/hoc/cmd/doctor.go:129.10,131.5 1 0
github.com/house-of-cards/hoc/cmd/doctor.go:135.3,135.15 1 0
github.com/house-of-cards/hoc/cmd/doctor.go:135.15,138.18 3 0
github.com/house-of-cards/hoc/cmd/doctor.go:138.18,140.5 1 0
github.com/house-of-cards/hoc/cmd/doctor.go:140.10,142.5 1 0
github.com/house-of-cards/hoc/cmd/doctor.go:146.3,146.15 1 0
github.com/house-of-cards/hoc/cmd/doctor.go:146.15,149.18 3 0
github.com/house-of-cards/hoc/cmd/doctor.go:149.18,151.5 1 0
github.com/house-of-cards/hoc/cmd/doctor.go:151.10,153.30 2 0
github.com/house-of-cards/hoc/cmd/doctor.go:153.30,155.22 2 0
github.com/house-of-cards/hoc/cmd/doctor.go:155.22,156.15 1 0
github.com/house-of-cards/hoc/cmd/doctor.go:159.6,160.53 2 0
github.com/house-of-cards/hoc/cmd/doctor.go:160.53,161.48 1 0
github.com/house-of-cards/hoc/cmd/doctor.go:161.48,164.8 1 0
github.com/house-of-cards/hoc/cmd/doctor.go:164.13,167.8 1 0
github.com/house-of-cards/hoc/cmd/doctor.go:169.6,169.18 1 0
github.com/house-of-cards/hoc/cmd/doctor.go:169.18,171.18 2 0
github.com/house-of-cards/hoc/cmd/doctor.go:171.18,173.49 1 0
github.com/house-of-cards/hoc/cmd/doctor.go:173.49,175.47 2 0
github.com/house-of-cards/hoc/cmd/doctor.go:175.47,177.10 1 0
github.com/house-of-cards/hoc/cmd/doctor.go:177.15,180.10 2 0
github.com/house-of-cards/hoc/cmd/doctor.go:183.8,183.60 1 0
github.com/house-of-cards/hoc/cmd/doctor.go:183.60,185.9 1 0
github.com/house-of-cards/hoc/cmd/doctor.go:185.14,188.9 2 0
github.com/house-of-cards/hoc/cmd/doctor.go:192.5,192.20 1 0
github.com/house-of-cards/hoc/cmd/doctor.go:192.20,195.6 2 0
github.com/house-of-cards/hoc/cmd/doctor.go:195.11,197.6 1 0
github.com/house-of-cards/hoc/cmd/doctor.go:202.3,204.56 3 0
github.com/house-of-cards/hoc/cmd/doctor.go:204.56,206.4 1 0
github.com/house-of-cards/hoc/cmd/doctor.go:206.9,208.21 2 0
github.com/house-of-cards/hoc/cmd/doctor.go:208.21,211.5 2 0
github.com/house-of-cards/hoc/cmd/doctor.go:211.10,213.5 1 0
github.com/house-of-cards/hoc/cmd/doctor.go:217.3,218.30 2 0
github.com/house-of-cards/hoc/cmd/doctor.go:218.30,220.4 1 0
github.com/house-of-cards/hoc/cmd/doctor.go:221.3,221.12 1 0
github.com/house-of-cards/hoc/cmd/doctor.go:221.12,223.4 1 0
github.com/house-of-cards/hoc/cmd/doctor.go:223.9,225.16 2 0
github.com/house-of-cards/hoc/cmd/doctor.go:225.16,227.5 1 0
github.com/house-of-cards/hoc/cmd/doctor.go:230.3,230.13 1 0
github.com/house-of-cards/hoc/cmd/doctor.go:235.13,237.2 1 1
github.com/house-of-cards/hoc/cmd/events.go:14.47,16.3 1 0
github.com/house-of-cards/hoc/cmd/events.go:20.13,28.2 6 1
github.com/house-of-cards/hoc/cmd/events.go:34.54,35.34 1 0
github.com/house-of-cards/hoc/cmd/events.go:35.34,37.4 1 0
github.com/house-of-cards/hoc/cmd/events.go:38.3,46.21 7 0
github.com/house-of-cards/hoc/cmd/events.go:46.21,49.18 3 0
github.com/house-of-cards/hoc/cmd/events.go:49.18,51.5 1 0
github.com/house-of-cards/hoc/cmd/events.go:54.3,55.17 2 0
github.com/house-of-cards/hoc/cmd/events.go:55.17,57.4 1 0
github.com/house-of-cards/hoc/cmd/events.go:59.3,59.23 1 0
github.com/house-of-cards/hoc/cmd/events.go:59.23,62.4 2 0
github.com/house-of-cards/hoc/cmd/events.go:64.3,66.28 3 0
github.com/house-of-cards/hoc/cmd/events.go:66.28,72.29 2 0
github.com/house-of-cards/hoc/cmd/events.go:72.29,74.5 1 0
github.com/house-of-cards/hoc/cmd/events.go:75.4,75.33 1 0
github.com/house-of-cards/hoc/cmd/events.go:75.33,77.5 1 0
github.com/house-of-cards/hoc/cmd/events.go:78.4,78.32 1 0
github.com/house-of-cards/hoc/cmd/events.go:78.32,80.5 1 0
github.com/house-of-cards/hoc/cmd/events.go:81.4,81.86 1 0
github.com/house-of-cards/hoc/cmd/events.go:81.86,83.5 1 0
github.com/house-of-cards/hoc/cmd/events.go:84.4,84.44 1 0
github.com/house-of-cards/hoc/cmd/events.go:84.44,86.5 1 0
github.com/house-of-cards/hoc/cmd/events.go:88.3,88.13 1 0
github.com/house-of-cards/hoc/cmd/events.go:97.54,98.34 1 0
github.com/house-of-cards/hoc/cmd/events.go:98.34,100.4 1 0
github.com/house-of-cards/hoc/cmd/events.go:101.3,106.17 4 0
github.com/house-of-cards/hoc/cmd/events.go:106.17,108.4 1 0
github.com/house-of-cards/hoc/cmd/events.go:110.3,110.23 1 0
github.com/house-of-cards/hoc/cmd/events.go:110.23,113.4 2 0
github.com/house-of-cards/hoc/cmd/events.go:115.3,117.28 3 0
github.com/house-of-cards/hoc/cmd/events.go:117.28,119.26 2 0
github.com/house-of-cards/hoc/cmd/events.go:119.26,121.5 1 0
github.com/house-of-cards/hoc/cmd/events.go:122.4,128.58 2 0
github.com/house-of-cards/hoc/cmd/events.go:128.58,130.27 2 0
github.com/house-of-cards/hoc/cmd/events.go:130.27,132.6 1 0
github.com/house-of-cards/hoc/cmd/events.go:133.5,134.30 2 0
github.com/house-of-cards/hoc/cmd/events.go:134.30,136.6 1 0
github.com/house-of-cards/hoc/cmd/events.go:137.5,137.34 1 0
github.com/house-of-cards/hoc/cmd/events.go:137.34,139.6 1 0
github.com/house-of-cards/hoc/cmd/events.go:140.5,140.43 1 0
github.com/house-of-cards/hoc/cmd/events.go:143.3,143.13 1 0
github.com/house-of-cards/hoc/cmd/floor.go:69.68,70.19 1 0
github.com/house-of-cards/hoc/cmd/floor.go:70.19,72.3 1 0
github.com/house-of-cards/hoc/cmd/floor.go:73.2,73.57 1 0
github.com/house-of-cards/hoc/cmd/floor.go:76.36,78.2 1 0
github.com/house-of-cards/hoc/cmd/floor.go:80.42,81.24 1 0
github.com/house-of-cards/hoc/cmd/floor.go:81.24,83.17 2 0
github.com/house-of-cards/hoc/cmd/floor.go:83.17,85.4 1 0
github.com/house-of-cards/hoc/cmd/floor.go:86.3,87.17 2 0
github.com/house-of-cards/hoc/cmd/floor.go:87.17,89.4 1 0
github.com/house-of-cards/hoc/cmd/floor.go:91.3,92.17 2 0
github.com/house-of-cards/hoc/cmd/floor.go:92.17,94.4 1 0
github.com/house-of-cards/hoc/cmd/floor.go:96.3,96.25 1 0
github.com/house-of-cards/hoc/cmd/floor.go:96.25,98.4 1 0
github.com/house-of-cards/hoc/cmd/floor.go:99.3,100.30 2 0
github.com/house-of-cards/hoc/cmd/floor.go:100.30,103.4 2 0
github.com/house-of-cards/hoc/cmd/floor.go:104.3,110.4 1 0
github.com/house-of-cards/hoc/cmd/floor.go:114.41,115.47 1 0
github.com/house-of-cards/hoc/cmd/floor.go:115.47,115.68 1 0
github.com/house-of-cards/hoc/cmd/floor.go:118.62,119.27 1 0
github.com/house-of-cards/hoc/cmd/floor.go:120.18,121.23 1 0
github.com/house-of-cards/hoc/cmd/floor.go:122.27,124.22 2 0
github.com/house-of-cards/hoc/cmd/floor.go:125.24,127.23 2 0
github.com/house-of-cards/hoc/cmd/floor.go:128.17,129.34 1 0
github.com/house-of-cards/hoc/cmd/floor.go:130.17,132.23 2 0
github.com/house-of-cards/hoc/cmd/floor.go:133.17,134.29 1 0
github.com/house-of-cards/hoc/cmd/floor.go:134.29,136.5 1 0
github.com/house-of-cards/hoc/cmd/floor.go:136.10,138.5 1 0
github.com/house-of-cards/hoc/cmd/floor.go:139.20,140.29 1 0
github.com/house-of-cards/hoc/cmd/floor.go:140.29,142.5 1 0
github.com/house-of-cards/hoc/cmd/floor.go:143.18,144.52 1 0
github.com/house-of-cards/hoc/cmd/floor.go:144.52,146.5 1 0
github.com/house-of-cards/hoc/cmd/floor.go:149.25,152.19 3 0
github.com/house-of-cards/hoc/cmd/floor.go:152.19,154.4 1 0
github.com/house-of-cards/hoc/cmd/floor.go:156.20,162.14 6 0
github.com/house-of-cards/hoc/cmd/floor.go:164.19,165.14 1 0
github.com/house-of-cards/hoc/cmd/floor.go:167.15,168.67 1 0
github.com/house-of-cards/hoc/cmd/floor.go:170.2,170.15 1 0
github.com/house-of-cards/hoc/cmd/floor.go:173.35,174.16 1 0
github.com/house-of-cards/hoc/cmd/floor.go:174.16,176.3 1 0
github.com/house-of-cards/hoc/cmd/floor.go:178.2,178.16 1 0
github.com/house-of-cards/hoc/cmd/floor.go:179.19,180.29 1 0
github.com/house-of-cards/hoc/cmd/floor.go:181.19,182.31 1 0
github.com/house-of-cards/hoc/cmd/floor.go:183.10,184.22 1 0
github.com/house-of-cards/hoc/cmd/floor.go:190.39,192.13 2 0
github.com/house-of-cards/hoc/cmd/floor.go:192.13,194.3 1 0
github.com/house-of-cards/hoc/cmd/floor.go:195.2,204.27 7 0
github.com/house-of-cards/hoc/cmd/floor.go:204.27,206.3 1 0
github.com/house-of-cards/hoc/cmd/floor.go:207.2,212.18 5 0
github.com/house-of-cards/hoc/cmd/floor.go:212.18,215.3 2 0
github.com/house-of-cards/hoc/cmd/floor.go:218.2,219.33 2 0
github.com/house-of-cards/hoc/cmd/floor.go:219.33,220.20 1 0
github.com/house-of-cards/hoc/cmd/floor.go:221.18,222.13 1 0
github.com/house-of-cards/hoc/cmd/floor.go:223.15,224.10 1 0
github.com/house-of-cards/hoc/cmd/floor.go:225.16,226.11 1 0
github.com/house-of-cards/hoc/cmd/floor.go:227.18,228.13 1 0
github.com/house-of-cards/hoc/cmd/floor.go:231.2,243.27 12 0
github.com/house-of-cards/hoc/cmd/floor.go:243.27,245.3 1 0
github.com/house-of-cards/hoc/cmd/floor.go:246.2,247.33 2 0
github.com/house-of-cards/hoc/cmd/floor.go:247.33,250.20 3 0
github.com/house-of-cards/hoc/cmd/floor.go:251.18,253.28 2 0
github.com/house-of-cards/hoc/cmd/floor.go:254.15,256.25 2 0
github.com/house-of-cards/hoc/cmd/floor.go:257.16,259.26 2 0
github.com/house-of-cards/hoc/cmd/floor.go:262.3,263.25 2 0
github.com/house-of-cards/hoc/cmd/floor.go:263.25,266.4 2 0
github.com/house-of-cards/hoc/cmd/floor.go:268.3,270.16 3 0
github.com/house-of-cards/hoc/cmd/floor.go:270.16,273.4 2 0
github.com/house-of-cards/hoc/cmd/floor.go:275.3,277.48 2 0
github.com/house-of-cards/hoc/cmd/floor.go:281.2,285.26 4 0
github.com/house-of-cards/hoc/cmd/floor.go:285.26,287.3 1 0
github.com/house-of-cards/hoc/cmd/floor.go:288.2,288.31 1 0
github.com/house-of-cards/hoc/cmd/floor.go:288.31,291.30 3 0
github.com/house-of-cards/hoc/cmd/floor.go:291.30,294.4 2 0
github.com/house-of-cards/hoc/cmd/floor.go:294.9,294.37 1 0
github.com/house-of-cards/hoc/cmd/floor.go:294.37,297.4 2 0
github.com/house-of-cards/hoc/cmd/floor.go:299.3,301.27 3 0
github.com/house-of-cards/hoc/cmd/floor.go:301.27,303.4 1 0
github.com/house-of-cards/hoc/cmd/floor.go:304.3,312.30 8 0
github.com/house-of-cards/hoc/cmd/floor.go:312.30,314.4 1 0
github.com/house-of-cards/hoc/cmd/floor.go:315.3,315.28 1 0
github.com/house-of-cards/hoc/cmd/floor.go:315.28,317.4 1 0
github.com/house-of-cards/hoc/cmd/floor.go:318.3,318.26 1 0
github.com/house-of-cards/hoc/cmd/floor.go:318.26,320.4 1 0
github.com/house-of-cards/hoc/cmd/floor.go:321.3,321.27 1 0
github.com/house-of-cards/hoc/cmd/floor.go:321.27,323.4 1 0
github.com/house-of-cards/hoc/cmd/floor.go:324.3,324.23 1 0
github.com/house-of-cards/hoc/cmd/floor.go:328.2,330.21 3 0
github.com/house-of-cards/hoc/cmd/floor.go:330.21,332.3 1 0
github.com/house-of-cards/hoc/cmd/floor.go:333.2,336.26 3 0
github.com/house-of-cards/hoc/cmd/floor.go:336.26,338.3 1 0
github.com/house-of-cards/hoc/cmd/floor.go:339.2,339.45 1 0
github.com/house-of-cards/hoc/cmd/floor.go:339.45,341.15 2 0
github.com/house-of-cards/hoc/cmd/floor.go:341.15,343.4 1 0
github.com/house-of-cards/hoc/cmd/floor.go:344.3,345.21 2 0
github.com/house-of-cards/hoc/cmd/floor.go:345.21,347.4 1 0
github.com/house-of-cards/hoc/cmd/floor.go:348.3,350.50 2 0
github.com/house-of-cards/hoc/cmd/floor.go:352.2,352.25 1 0
github.com/house-of-cards/hoc/cmd/floor.go:352.25,354.3 1 0
github.com/house-of-cards/hoc/cmd/floor.go:356.2,359.20 3 0
github.com/house-of-cards/hoc/cmd/floor.go:364.46,366.13 2 0
github.com/house-of-cards/hoc/cmd/floor.go:366.13,368.3 1 0
github.com/house-of-cards/hoc/cmd/floor.go:369.2,378.26 8 0
github.com/house-of-cards/hoc/cmd/floor.go:378.26,381.3 2 0
github.com/house-of-cards/hoc/cmd/floor.go:384.2,385.18 2 0
github.com/house-of-cards/hoc/cmd/floor.go:385.18,387.3 1 0
github.com/house-of-cards/hoc/cmd/floor.go:388.2,389.30 2 0
github.com/house-of-cards/hoc/cmd/floor.go:389.30,391.3 1 0
github.com/house-of-cards/hoc/cmd/floor.go:392.2,393.27 2 0
github.com/house-of-cards/hoc/cmd/floor.go:393.27,395.3 1 0
github.com/house-of-cards/hoc/cmd/floor.go:397.2,400.42 3 0
github.com/house-of-cards/hoc/cmd/floor.go:400.42,402.15 2 0
github.com/house-of-cards/hoc/cmd/floor.go:402.15,404.4 1 0
github.com/house-of-cards/hoc/cmd/floor.go:405.3,406.17 2 0
github.com/house-of-cards/hoc/cmd/floor.go:406.17,408.4 1 0
github.com/house-of-cards/hoc/cmd/floor.go:409.3,410.21 2 0
github.com/house-of-cards/hoc/cmd/floor.go:410.21,412.4 1 0
github.com/house-of-cards/hoc/cmd/floor.go:413.3,422.28 4 0
github.com/house-of-cards/hoc/cmd/floor.go:422.28,424.4 1 0
github.com/house-of-cards/hoc/cmd/floor.go:425.3,425.23 1 0
github.com/house-of-cards/hoc/cmd/floor.go:428.2,428.27 1 0
github.com/house-of-cards/hoc/cmd/floor.go:428.27,430.3 1 0
github.com/house-of-cards/hoc/cmd/floor.go:432.2,432.20 1 0
github.com/house-of-cards/hoc/cmd/floor.go:437.48,439.13 2 0
github.com/house-of-cards/hoc/cmd/floor.go:439.13,441.3 1 0
github.com/house-of-cards/hoc/cmd/floor.go:442.2,451.26 8 0
github.com/house-of-cards/hoc/cmd/floor.go:451.26,454.3 2 0
github.com/house-of-cards/hoc/cmd/floor.go:456.2,456.31 1 0
github.com/house-of-cards/hoc/cmd/floor.go:456.31,459.30 3 0
github.com/house-of-cards/hoc/cmd/floor.go:459.30,462.4 2 0
github.com/house-of-cards/hoc/cmd/floor.go:462.9,462.37 1 0
github.com/house-of-cards/hoc/cmd/floor.go:462.37,465.4 2 0
github.com/house-of-cards/hoc/cmd/floor.go:467.3,469.27 3 0
github.com/house-of-cards/hoc/cmd/floor.go:469.27,471.4 1 0
github.com/house-of-cards/hoc/cmd/floor.go:472.3,480.21 7 0
github.com/house-of-cards/hoc/cmd/floor.go:480.21,482.28 2 0
github.com/house-of-cards/hoc/cmd/floor.go:482.28,485.21 3 0
github.com/house-of-cards/hoc/cmd/floor.go:486.31,487.32 1 0
github.com/house-of-cards/hoc/cmd/floor.go:488.36,489.32 1 0
github.com/house-of-cards/hoc/cmd/floor.go:490.22,491.34 1 0
github.com/house-of-cards/hoc/cmd/floor.go:492.19,493.30 1 0
github.com/house-of-cards/hoc/cmd/floor.go:494.13,495.31 1 0
github.com/house-of-cards/hoc/cmd/floor.go:497.5,498.23 2 0
github.com/house-of-cards/hoc/cmd/floor.go:498.23,500.6 1 0
github.com/house-of-cards/hoc/cmd/floor.go:501.5,503.52 2 0
github.com/house-of-cards/hoc/cmd/floor.go:506.3,506.23 1 0
github.com/house-of-cards/hoc/cmd/floor.go:509.2,509.20 1 0
github.com/house-of-cards/hoc/cmd/floor.go:515.54,516.16 1 0
github.com/house-of-cards/hoc/cmd/floor.go:516.16,518.3 1 0
github.com/house-of-cards/hoc/cmd/floor.go:519.2,520.20 2 0
github.com/house-of-cards/hoc/cmd/floor.go:520.20,522.3 1 0
github.com/house-of-cards/hoc/cmd/floor.go:523.2,523.88 1 0
github.com/house-of-cards/hoc/cmd/floor.go:526.39,527.17 1 0
github.com/house-of-cards/hoc/cmd/floor.go:527.17,529.3 1 0
github.com/house-of-cards/hoc/cmd/floor.go:530.2,530.42 1 0
github.com/house-of-cards/hoc/cmd/floor.go:533.42,534.21 1 0
github.com/house-of-cards/hoc/cmd/floor.go:534.21,536.3 1 0
github.com/house-of-cards/hoc/cmd/floor.go:537.2,537.19 1 0
github.com/house-of-cards/hoc/cmd/floor.go:537.19,539.3 1 0
github.com/house-of-cards/hoc/cmd/floor.go:540.2,540.43 1 0
github.com/house-of-cards/hoc/cmd/floor.go:556.54,557.34 1 0
github.com/house-of-cards/hoc/cmd/floor.go:557.34,559.4 1 0
github.com/house-of-cards/hoc/cmd/floor.go:560.3,567.13 6 0
github.com/house-of-cards/hoc/cmd/floor.go:572.13,574.2 1 1
github.com/house-of-cards/hoc/cmd/format.go:10.30,10.55 1 0
github.com/house-of-cards/hoc/cmd/format.go:13.41,13.73 1 0
github.com/house-of-cards/hoc/cmd/format.go:16.37,16.68 1 0
github.com/house-of-cards/hoc/cmd/formula.go:41.57,43.16 2 0
github.com/house-of-cards/hoc/cmd/formula.go:43.16,45.3 1 0
github.com/house-of-cards/hoc/cmd/formula.go:47.2,48.24 2 0
github.com/house-of-cards/hoc/cmd/formula.go:48.24,51.3 2 0
github.com/house-of-cards/hoc/cmd/formula.go:53.2,55.29 3 0
github.com/house-of-cards/hoc/cmd/formula.go:55.29,57.20 2 0
github.com/house-of-cards/hoc/cmd/formula.go:57.20,59.4 1 0
github.com/house-of-cards/hoc/cmd/formula.go:60.3,61.20 2 0
github.com/house-of-cards/hoc/cmd/formula.go:61.20,63.4 1 0
github.com/house-of-cards/hoc/cmd/formula.go:64.3,64.77 1 0
github.com/house-of-cards/hoc/cmd/formula.go:66.2,66.12 1 0
github.com/house-of-cards/hoc/cmd/formula.go:83.61,87.16 3 0
github.com/house-of-cards/hoc/cmd/formula.go:87.16,89.3 1 0
github.com/house-of-cards/hoc/cmd/formula.go:91.2,92.14 2 0
github.com/house-of-cards/hoc/cmd/formula.go:92.14,94.3 1 0
github.com/house-of-cards/hoc/cmd/formula.go:97.2,106.19 4 0
github.com/house-of-cards/hoc/cmd/formula.go:106.19,108.3 1 0
github.com/house-of-cards/hoc/cmd/formula.go:108.8,110.3 1 0
github.com/house-of-cards/hoc/cmd/formula.go:112.2,115.21 3 0
github.com/house-of-cards/hoc/cmd/formula.go:115.21,117.3 1 0
github.com/house-of-cards/hoc/cmd/formula.go:118.2,118.12 1 0
github.com/house-of-cards/hoc/cmd/formula.go:130.62,134.16 3 0
github.com/house-of-cards/hoc/cmd/formula.go:134.16,136.3 1 0
github.com/house-of-cards/hoc/cmd/formula.go:138.2,139.14 2 0
github.com/house-of-cards/hoc/cmd/formula.go:139.14,141.3 1 0
github.com/house-of-cards/hoc/cmd/formula.go:143.2,144.19 2 0
github.com/house-of-cards/hoc/cmd/formula.go:144.19,146.3 1 0
github.com/house-of-cards/hoc/cmd/formula.go:148.2,153.31 5 0
github.com/house-of-cards/hoc/cmd/formula.go:153.31,155.20 2 0
github.com/house-of-cards/hoc/cmd/formula.go:155.20,157.4 1 0
github.com/house-of-cards/hoc/cmd/formula.go:158.3,160.34 2 0
github.com/house-of-cards/hoc/cmd/formula.go:160.34,162.26 2 0
github.com/house-of-cards/hoc/cmd/formula.go:162.26,164.5 1 0
github.com/house-of-cards/hoc/cmd/formula.go:165.4,165.17 1 0
github.com/house-of-cards/hoc/cmd/formula.go:168.2,168.12 1 0
github.com/house-of-cards/hoc/cmd/formula.go:174.55,178.2 3 0
github.com/house-of-cards/hoc/cmd/formula.go:181.54,183.26 2 0
github.com/house-of-cards/hoc/cmd/formula.go:183.26,185.22 2 0
github.com/house-of-cards/hoc/cmd/formula.go:185.22,187.4 1 0
github.com/house-of-cards/hoc/cmd/formula.go:189.2,189.10 1 0
github.com/house-of-cards/hoc/cmd/formula.go:193.52,195.21 2 0
github.com/house-of-cards/hoc/cmd/formula.go:195.21,197.3 1 0
github.com/house-of-cards/hoc/cmd/formula.go:199.2,201.34 2 0
github.com/house-of-cards/hoc/cmd/formula.go:201.34,203.18 2 0
github.com/house-of-cards/hoc/cmd/formula.go:203.18,205.4 1 0
github.com/house-of-cards/hoc/cmd/formula.go:206.3,207.33 2 0
github.com/house-of-cards/hoc/cmd/formula.go:207.33,209.21 2 0
github.com/house-of-cards/hoc/cmd/formula.go:209.21,211.5 1 0
github.com/house-of-cards/hoc/cmd/formula.go:212.4,213.23 2 0
github.com/house-of-cards/hoc/cmd/formula.go:213.23,215.5 1 0
github.com/house-of-cards/hoc/cmd/formula.go:216.4,217.21 2 0
github.com/house-of-cards/hoc/cmd/formula.go:217.21,219.5 1 0
github.com/house-of-cards/hoc/cmd/formula.go:220.4,220.23 1 0
github.com/house-of-cards/hoc/cmd/formula.go:220.23,222.82 1 0
github.com/house-of-cards/hoc/cmd/formula.go:222.82,224.6 1 0
github.com/house-of-cards/hoc/cmd/formula.go:231.13,238.2 5 1
github.com/house-of-cards/hoc/cmd/gazette.go:15.47,17.3 1 0
github.com/house-of-cards/hoc/cmd/gazette.go:21.13,30.2 6 1
github.com/house-of-cards/hoc/cmd/gazette.go:35.54,36.34 1 0
github.com/house-of-cards/hoc/cmd/gazette.go:36.34,38.4 1 0
github.com/house-of-cards/hoc/cmd/gazette.go:39.3,44.23 4 0
github.com/house-of-cards/hoc/cmd/gazette.go:44.23,46.18 2 0
github.com/house-of-cards/hoc/cmd/gazette.go:46.18,48.5 1 0
github.com/house-of-cards/hoc/cmd/gazette.go:49.4,49.20 1 0
github.com/house-of-cards/hoc/cmd/gazette.go:49.20,52.5 2 0
github.com/house-of-cards/hoc/cmd/gazette.go:53.4,55.25 3 0
github.com/house-of-cards/hoc/cmd/gazette.go:55.25,57.5 1 0
github.com/house-of-cards/hoc/cmd/gazette.go:58.4,58.14 1 0
github.com/house-of-cards/hoc/cmd/gazette.go:61.3,61.27 1 0
github.com/house-of-cards/hoc/cmd/gazette.go:61.27,63.18 2 0
github.com/house-of-cards/hoc/cmd/gazette.go:63.18,65.5 1 0
github.com/house-of-cards/hoc/cmd/gazette.go:66.4,66.20 1 0
github.com/house-of-cards/hoc/cmd/gazette.go:66.20,69.5 2 0
github.com/house-of-cards/hoc/cmd/gazette.go:70.4,72.25 3 0
github.com/house-of-cards/hoc/cmd/gazette.go:72.25,74.5 1 0
github.com/house-of-cards/hoc/cmd/gazette.go:75.4,75.14 1 0
github.com/house-of-cards/hoc/cmd/gazette.go:79.3,80.17 2 0
github.com/house-of-cards/hoc/cmd/gazette.go:80.17,82.4 1 0
github.com/house-of-cards/hoc/cmd/gazette.go:83.3,83.19 1 0
github.com/house-of-cards/hoc/cmd/gazette.go:83.19,86.4 2 0
github.com/house-of-cards/hoc/cmd/gazette.go:87.3,89.24 3 0
github.com/house-of-cards/hoc/cmd/gazette.go:89.24,91.4 1 0
github.com/house-of-cards/hoc/cmd/gazette.go:92.3,92.13 1 0
github.com/house-of-cards/hoc/cmd/gazette.go:100.54,101.34 1 0
github.com/house-of-cards/hoc/cmd/gazette.go:101.34,103.4 1 0
github.com/house-of-cards/hoc/cmd/gazette.go:104.3,108.17 3 0
github.com/house-of-cards/hoc/cmd/gazette.go:108.17,110.4 1 0
github.com/house-of-cards/hoc/cmd/gazette.go:112.3,113.24 2 0
github.com/house-of-cards/hoc/cmd/gazette.go:113.24,114.83 1 0
github.com/house-of-cards/hoc/cmd/gazette.go:114.83,123.23 9 0
github.com/house-of-cards/hoc/cmd/gazette.go:123.23,125.6 1 0
github.com/house-of-cards/hoc/cmd/gazette.go:126.5,127.65 2 0
github.com/house-of-cards/hoc/cmd/gazette.go:127.65,129.6 1 0
github.com/house-of-cards/hoc/cmd/gazette.go:130.5,130.15 1 0
github.com/house-of-cards/hoc/cmd/gazette.go:133.3,133.53 1 0
github.com/house-of-cards/hoc/cmd/gazette.go:242.54,244.16 2 0
github.com/house-of-cards/hoc/cmd/gazette.go:244.16,246.4 1 0
github.com/house-of-cards/hoc/cmd/gazette.go:248.3,249.10 2 0
github.com/house-of-cards/hoc/cmd/gazette.go:249.10,251.36 2 0
github.com/house-of-cards/hoc/cmd/gazette.go:251.36,253.5 1 0
github.com/house-of-cards/hoc/cmd/gazette.go:254.4,254.77 1 0
github.com/house-of-cards/hoc/cmd/gazette.go:257.3,258.13 2 0
github.com/house-of-cards/hoc/cmd/gazette.go:262.83,264.13 2 0
github.com/house-of-cards/hoc/cmd/gazette.go:265.20,266.19 1 0
github.com/house-of-cards/hoc/cmd/gazette.go:267.17,268.20 1 0
github.com/house-of-cards/hoc/cmd/gazette.go:269.14,270.20 1 0
github.com/house-of-cards/hoc/cmd/gazette.go:271.16,272.20 1 0
github.com/house-of-cards/hoc/cmd/gazette.go:273.18,274.22 1 0
github.com/house-of-cards/hoc/cmd/gazette.go:276.2,282.15 7 0
github.com/house-of-cards/hoc/cmd/hansard.go:17.54,18.34 1 0
github.com/house-of-cards/hoc/cmd/hansard.go:18.34,20.4 1 0
github.com/house-of-cards/hoc/cmd/hansard.go:21.3,23.20 2 0
github.com/house-of-cards/hoc/cmd/hansard.go:23.20,25.4 1 0
github.com/house-of-cards/hoc/cmd/hansard.go:26.3,26.26 1 0
github.com/house-of-cards/hoc/cmd/hansard.go:31.13,37.2 5 1
github.com/house-of-cards/hoc/cmd/hansard.go:42.54,43.34 1 0
github.com/house-of-cards/hoc/cmd/hansard.go:43.34,45.4 1 0
github.com/house-of-cards/hoc/cmd/hansard.go:46.3,47.26 2 0
github.com/house-of-cards/hoc/cmd/hansard.go:51.29,53.16 2 0
github.com/house-of-cards/hoc/cmd/hansard.go:53.16,55.3 1 0
github.com/house-of-cards/hoc/cmd/hansard.go:57.2,57.23 1 0
github.com/house-of-cards/hoc/cmd/hansard.go:57.23,60.3 2 0
github.com/house-of-cards/hoc/cmd/hansard.go:62.2,64.28 3 0
github.com/house-of-cards/hoc/cmd/hansard.go:64.28,66.27 2 0
github.com/house-of-cards/hoc/cmd/hansard.go:67.18,68.23 1 0
github.com/house-of-cards/hoc/cmd/hansard.go:69.17,70.23 1 0
github.com/house-of-cards/hoc/cmd/hansard.go:71.18,72.24 1 0
github.com/house-of-cards/hoc/cmd/hansard.go:74.3,75.20 2 0
github.com/house-of-cards/hoc/cmd/hansard.go:75.20,77.4 1 0
github.com/house-of-cards/hoc/cmd/hansard.go:78.3,79.22 2 0
github.com/house-of-cards/hoc/cmd/hansard.go:79.22,81.4 1 0
github.com/house-of-cards/hoc/cmd/hansard.go:82.3,91.27 3 0
github.com/house-of-cards/hoc/cmd/hansard.go:91.27,93.4 1 0
github.com/house-of-cards/hoc/cmd/hansard.go:95.2,95.12 1 0
github.com/house-of-cards/hoc/cmd/hansard.go:98.51,101.16 2 0
github.com/house-of-cards/hoc/cmd/hansard.go:101.16,103.3 1 0
github.com/house-of-cards/hoc/cmd/hansard.go:105.2,106.16 2 0
github.com/house-of-cards/hoc/cmd/hansard.go:106.16,108.3 1 0
github.com/house-of-cards/hoc/cmd/hansard.go:110.2,118.15 8 0
github.com/house-of-cards/hoc/cmd/hansard.go:118.15,121.3 2 0
github.com/house-of-cards/hoc/cmd/hansard.go:122.2,124.23 2 0
github.com/house-of-cards/hoc/cmd/hansard.go:124.23,127.3 2 0
github.com/house-of-cards/hoc/cmd/hansard.go:129.2,129.28 1 0
github.com/house-of-cards/hoc/cmd/hansard.go:129.28,131.27 2 0
github.com/house-of-cards/hoc/cmd/hansard.go:132.18,133.23 1 0
github.com/house-of-cards/hoc/cmd/hansard.go:134.17,135.23 1 0
github.com/house-of-cards/hoc/cmd/hansard.go:136.18,137.24 1 0
github.com/house-of-cards/hoc/cmd/hansard.go:139.3,140.20 2 0
github.com/house-of-cards/hoc/cmd/hansard.go:140.20,142.4 1 0
github.com/house-of-cards/hoc/cmd/hansard.go:143.3,143.22 1 0
github.com/house-of-cards/hoc/cmd/hansard.go:143.22,145.4 1 0
github.com/house-of-cards/hoc/cmd/hansard.go:146.3,147.27 2 0
github.com/house-of-cards/hoc/cmd/hansard.go:147.27,149.4 1 0
github.com/house-of-cards/hoc/cmd/hansard.go:151.2,151.12 1 0
github.com/house-of-cards/hoc/cmd/hansard.go:158.54,159.34 1 0
github.com/house-of-cards/hoc/cmd/hansard.go:159.34,161.4 1 0
github.com/house-of-cards/hoc/cmd/hansard.go:162.3,165.33 3 0
github.com/house-of-cards/hoc/cmd/hansard.go:169.40,171.16 2 0
github.com/house-of-cards/hoc/cmd/hansard.go:171.16,173.3 1 0
github.com/house-of-cards/hoc/cmd/hansard.go:175.2,175.25 1 0
github.com/house-of-cards/hoc/cmd/hansard.go:175.25,178.3 2 0
github.com/house-of-cards/hoc/cmd/hansard.go:180.2,184.30 4 0
github.com/house-of-cards/hoc/cmd/hansard.go:184.30,186.17 2 0
github.com/house-of-cards/hoc/cmd/hansard.go:186.17,187.12 1 0
github.com/house-of-cards/hoc/cmd/hansard.go:189.3,189.24 1 0
github.com/house-of-cards/hoc/cmd/hansard.go:189.24,190.12 1 0
github.com/house-of-cards/hoc/cmd/hansard.go:193.3,193.27 1 0
github.com/house-of-cards/hoc/cmd/hansard.go:193.27,195.4 1 0
github.com/house-of-cards/hoc/cmd/hansard.go:196.3,197.29 2 0
github.com/house-of-cards/hoc/cmd/hansard.go:197.29,198.37 1 0
github.com/house-of-cards/hoc/cmd/hansard.go:198.37,200.5 1 0
github.com/house-of-cards/hoc/cmd/hansard.go:202.3,206.5 1 0
github.com/house-of-cards/hoc/cmd/hansard.go:209.2,209.21 1 0
github.com/house-of-cards/hoc/cmd/hansard.go:209.21,212.3 2 0
github.com/house-of-cards/hoc/cmd/hansard.go:214.2,215.12 2 0
github.com/house-of-cards/hoc/cmd/hansard.go:224.54,225.34 1 0
github.com/house-of-cards/hoc/cmd/hansard.go:225.34,227.4 1 0
github.com/house-of-cards/hoc/cmd/hansard.go:228.3,229.28 2 0
github.com/house-of-cards/hoc/cmd/hansard.go:233.31,235.16 2 0
github.com/house-of-cards/hoc/cmd/hansard.go:235.16,237.3 1 0
github.com/house-of-cards/hoc/cmd/hansard.go:239.2,239.25 1 0
github.com/house-of-cards/hoc/cmd/hansard.go:239.25,242.3 2 0
github.com/house-of-cards/hoc/cmd/hansard.go:244.2,254.30 3 0
github.com/house-of-cards/hoc/cmd/hansard.go:254.30,258.16 4 0
github.com/house-of-cards/hoc/cmd/hansard.go:258.16,260.4 1 0
github.com/house-of-cards/hoc/cmd/hansard.go:261.3,268.5 1 0
github.com/house-of-cards/hoc/cmd/hansard.go:272.2,272.38 1 0
github.com/house-of-cards/hoc/cmd/hansard.go:272.38,273.41 1 0
github.com/house-of-cards/hoc/cmd/hansard.go:273.41,274.53 1 0
github.com/house-of-cards/hoc/cmd/hansard.go:274.53,276.5 1 0
github.com/house-of-cards/hoc/cmd/hansard.go:280.2,286.28 6 0
github.com/house-of-cards/hoc/cmd/hansard.go:286.28,288.22 2 0
github.com/house-of-cards/hoc/cmd/hansard.go:288.22,290.4 1 0
github.com/house-of-cards/hoc/cmd/hansard.go:292.3,294.18 3 0
github.com/house-of-cards/hoc/cmd/hansard.go:294.18,296.4 1 0
github.com/house-of-cards/hoc/cmd/hansard.go:297.3,298.18 2 0
github.com/house-of-cards/hoc/cmd/hansard.go:298.18,300.4 1 0
github.com/house-of-cards/hoc/cmd/hansard.go:302.3,309.4 1 0
github.com/house-of-cards/hoc/cmd/hansard.go:312.2,315.12 4 0
github.com/house-of-cards/hoc/cmd/hansard.go:319.51,320.11 1 0
github.com/house-of-cards/hoc/cmd/hansard.go:320.11,322.3 1 0
github.com/house-of-cards/hoc/cmd/hansard.go:323.2,323.11 1 0
github.com/house-of-cards/hoc/cmd/hansard.go:323.11,325.3 1 0
github.com/house-of-cards/hoc/cmd/hansard.go:326.2,328.12 3 0
github.com/house-of-cards/hoc/cmd/hansard.go:331.41,333.21 2 0
github.com/house-of-cards/hoc/cmd/hansard.go:333.21,335.3 1 0
github.com/house-of-cards/hoc/cmd/hansard.go:336.2,336.19 1 0
github.com/house-of-cards/hoc/cmd/hansard.go:336.19,338.3 1 0
github.com/house-of-cards/hoc/cmd/hansard.go:339.2,339.67 1 0
github.com/house-of-cards/hoc/cmd/hansard.go:349.54,350.34 1 0
github.com/house-of-cards/hoc/cmd/hansard.go:350.34,352.4 1 0
github.com/house-of-cards/hoc/cmd/hansard.go:353.3,358.21 4 0
github.com/house-of-cards/hoc/cmd/hansard.go:358.21,360.4 1 0
github.com/house-of-cards/hoc/cmd/hansard.go:361.3,361.29 1 0
github.com/house-of-cards/hoc/cmd/hansard.go:365.49,367.16 2 0
github.com/house-of-cards/hoc/cmd/hansard.go:367.16,369.3 1 0
github.com/house-of-cards/hoc/cmd/hansard.go:371.2,375.16 3 0
github.com/house-of-cards/hoc/cmd/hansard.go:375.16,377.3 1 0
github.com/house-of-cards/hoc/cmd/hansard.go:379.2,384.26 6 0
github.com/house-of-cards/hoc/cmd/hansard.go:384.26,385.58 1 0
github.com/house-of-cards/hoc/cmd/hansard.go:385.58,389.4 3 0
github.com/house-of-cards/hoc/cmd/hansard.go:393.2,394.29 2 0
github.com/house-of-cards/hoc/cmd/hansard.go:394.29,395.26 1 0
github.com/house-of-cards/hoc/cmd/hansard.go:395.26,398.4 2 0
github.com/house-of-cards/hoc/cmd/hansard.go:401.2,403.22 3 0
github.com/house-of-cards/hoc/cmd/hansard.go:403.22,405.3 1 0
github.com/house-of-cards/hoc/cmd/hansard.go:406.2,406.23 1 0
github.com/house-of-cards/hoc/cmd/hansard.go:406.23,409.3 2 0
github.com/house-of-cards/hoc/cmd/hansard.go:412.2,412.39 1 0
github.com/house-of-cards/hoc/cmd/hansard.go:415.32,417.16 2 0
github.com/house-of-cards/hoc/cmd/hansard.go:417.16,419.3 1 0
github.com/house-of-cards/hoc/cmd/hansard.go:421.2,421.25 1 0
github.com/house-of-cards/hoc/cmd/hansard.go:421.25,424.3 2 0
github.com/house-of-cards/hoc/cmd/hansard.go:426.2,428.30 3 0
github.com/house-of-cards/hoc/cmd/hansard.go:428.30,431.24 3 0
github.com/house-of-cards/hoc/cmd/hansard.go:431.24,432.12 1 0
github.com/house-of-cards/hoc/cmd/hansard.go:434.3,435.29 2 0
github.com/house-of-cards/hoc/cmd/hansard.go:435.29,436.37 1 0
github.com/house-of-cards/hoc/cmd/hansard.go:436.37,439.5 2 0
github.com/house-of-cards/hoc/cmd/hansard.go:441.3,442.29 2 0
github.com/house-of-cards/hoc/cmd/hansard.go:442.29,443.37 1 0
github.com/house-of-cards/hoc/cmd/hansard.go:443.37,445.5 1 0
github.com/house-of-cards/hoc/cmd/hansard.go:447.3,448.18 2 0
github.com/house-of-cards/hoc/cmd/hansard.go:448.18,450.4 1 0
github.com/house-of-cards/hoc/cmd/hansard.go:451.3,455.4 1 0
github.com/house-of-cards/hoc/cmd/hansard.go:457.2,457.12 1 0
github.com/house-of-cards/hoc/cmd/hansard.go:460.50,462.24 2 0
github.com/house-of-cards/hoc/cmd/hansard.go:462.24,464.3 1 0
github.com/house-of-cards/hoc/cmd/hansard.go:467.2,469.29 3 0
github.com/house-of-cards/hoc/cmd/hansard.go:469.29,470.26 1 0
github.com/house-of-cards/hoc/cmd/hansard.go:470.26,473.4 2 0
github.com/house-of-cards/hoc/cmd/hansard.go:476.2,478.34 3 0
github.com/house-of-cards/hoc/cmd/hansard.go:478.34,481.30 3 0
github.com/house-of-cards/hoc/cmd/hansard.go:481.30,482.60 1 0
github.com/house-of-cards/hoc/cmd/hansard.go:482.60,486.5 3 0
github.com/house-of-cards/hoc/cmd/hansard.go:488.3,489.18 2 0
github.com/house-of-cards/hoc/cmd/hansard.go:489.18,491.4 1 0
github.com/house-of-cards/hoc/cmd/hansard.go:492.3,493.48 1 0
github.com/house-of-cards/hoc/cmd/hansard.go:495.2,495.12 1 0
github.com/house-of-cards/hoc/cmd/init.go:18.54,20.20 2 0
github.com/house-of-cards/hoc/cmd/init.go:20.20,22.4 1 0
github.com/house-of-cards/hoc/cmd/init.go:22.9,25.4 2 0
github.com/house-of-cards/hoc/cmd/init.go:28.3,28.33 1 0
github.com/house-of-cards/hoc/cmd/init.go:28.33,30.18 2 0
github.com/house-of-cards/hoc/cmd/init.go:30.18,32.5 1 0
github.com/house-of-cards/hoc/cmd/init.go:33.4,33.19 1 0
github.com/house-of-cards/hoc/cmd/init.go:36.3,45.26 3 0
github.com/house-of-cards/hoc/cmd/init.go:45.26,46.47 1 0
github.com/house-of-cards/hoc/cmd/init.go:46.47,48.5 1 0
github.com/house-of-cards/hoc/cmd/init.go:52.3,53.56 2 0
github.com/house-of-cards/hoc/cmd/init.go:53.56,55.61 2 0
github.com/house-of-cards/hoc/cmd/init.go:55.61,57.5 1 0
github.com/house-of-cards/hoc/cmd/init.go:58.4,58.50 1 0
github.com/house-of-cards/hoc/cmd/init.go:59.9,61.4 1 0
github.com/house-of-cards/hoc/cmd/init.go:64.3,65.17 2 0
github.com/house-of-cards/hoc/cmd/init.go:65.17,67.4 1 0
github.com/house-of-cards/hoc/cmd/init.go:68.3,72.13 4 0
github.com/house-of-cards/hoc/cmd/ministers.go:28.21,29.15 1 1
github.com/house-of-cards/hoc/cmd/ministers.go:29.15,31.3 1 1
github.com/house-of-cards/hoc/cmd/ministers.go:33.2,36.50 3 0
github.com/house-of-cards/hoc/cmd/ministers.go:36.50,38.3 1 0
github.com/house-of-cards/hoc/cmd/ministers.go:40.2,41.16 2 0
github.com/house-of-cards/hoc/cmd/ministers.go:41.16,43.3 1 0
github.com/house-of-cards/hoc/cmd/ministers.go:45.2,46.16 2 0
github.com/house-of-cards/hoc/cmd/ministers.go:46.16,48.3 1 0
github.com/house-of-cards/hoc/cmd/ministers.go:50.2,50.12 1 0
github.com/house-of-cards/hoc/cmd/ministers.go:58.47,60.3 1 0
github.com/house-of-cards/hoc/cmd/ministers.go:64.13,93.2 22 1
github.com/house-of-cards/hoc/cmd/ministers.go:99.47,100.34 1 0
github.com/house-of-cards/hoc/cmd/ministers.go:100.34,103.4 2 0
github.com/house-of-cards/hoc/cmd/ministers.go:104.3,116.25 6 0
github.com/house-of-cards/hoc/cmd/ministers.go:116.25,119.4 2 0
github.com/house-of-cards/hoc/cmd/ministers.go:121.3,121.27 1 0
github.com/house-of-cards/hoc/cmd/ministers.go:121.27,123.4 1 0
github.com/house-of-cards/hoc/cmd/ministers.go:124.3,126.53 2 0
github.com/house-of-cards/hoc/cmd/ministers.go:126.53,129.4 2 0
github.com/house-of-cards/hoc/cmd/ministers.go:131.3,131.85 1 0
github.com/house-of-cards/hoc/cmd/ministers.go:144.54,145.34 1 0
github.com/house-of-cards/hoc/cmd/ministers.go:145.34,147.4 1 0
github.com/house-of-cards/hoc/cmd/ministers.go:148.3,156.17 7 0
github.com/house-of-cards/hoc/cmd/ministers.go:156.17,158.4 1 0
github.com/house-of-cards/hoc/cmd/ministers.go:161.3,161.19 1 0
github.com/house-of-cards/hoc/cmd/ministers.go:161.19,162.70 1 0
github.com/house-of-cards/hoc/cmd/ministers.go:162.70,164.5 1 0
github.com/house-of-cards/hoc/cmd/ministers.go:165.4,166.14 2 0
github.com/house-of-cards/hoc/cmd/ministers.go:170.3,170.24 1 0
github.com/house-of-cards/hoc/cmd/ministers.go:170.24,172.4 1 0
github.com/house-of-cards/hoc/cmd/ministers.go:175.3,176.17 2 0
github.com/house-of-cards/hoc/cmd/ministers.go:176.17,178.4 1 0
github.com/house-of-cards/hoc/cmd/ministers.go:181.3,182.58 2 0
github.com/house-of-cards/hoc/cmd/ministers.go:182.58,184.4 1 0
github.com/house-of-cards/hoc/cmd/ministers.go:187.3,188.17 2 0
github.com/house-of-cards/hoc/cmd/ministers.go:188.17,190.4 1 0
github.com/house-of-cards/hoc/cmd/ministers.go:191.3,191.74 1 0
github.com/house-of-cards/hoc/cmd/ministers.go:191.74,193.38 2 0
github.com/house-of-cards/hoc/cmd/ministers.go:193.38,195.5 1 0
github.com/house-of-cards/hoc/cmd/ministers.go:196.9,198.4 1 0
github.com/house-of-cards/hoc/cmd/ministers.go:201.3,202.69 2 0
github.com/house-of-cards/hoc/cmd/ministers.go:202.69,204.4 1 0
github.com/house-of-cards/hoc/cmd/ministers.go:205.3,206.79 2 0
github.com/house-of-cards/hoc/cmd/ministers.go:206.79,208.4 1 0
github.com/house-of-cards/hoc/cmd/ministers.go:211.3,215.32 3 0
github.com/house-of-cards/hoc/cmd/ministers.go:215.32,218.39 3 0
github.com/house-of-cards/hoc/cmd/ministers.go:218.39,221.5 2 0
github.com/house-of-cards/hoc/cmd/ministers.go:222.4,222.24 1 0
github.com/house-of-cards/hoc/cmd/ministers.go:226.3,237.17 6 0
github.com/house-of-cards/hoc/cmd/ministers.go:237.17,239.4 1 0
github.com/house-of-cards/hoc/cmd/ministers.go:242.3,244.24 3 0
github.com/house-of-cards/hoc/cmd/ministers.go:244.24,246.4 1 0
github.com/house-of-cards/hoc/cmd/ministers.go:247.3,251.14 4 0
github.com/house-of-cards/hoc/cmd/ministers.go:251.14,256.4 4 0
github.com/house-of-cards/hoc/cmd/ministers.go:256.9,258.4 1 0
github.com/house-of-cards/hoc/cmd/ministers.go:259.3,259.13 1 0
github.com/house-of-cards/hoc/cmd/ministers.go:267.54,268.34 1 0
github.com/house-of-cards/hoc/cmd/ministers.go:268.34,270.4 1 0
github.com/house-of-cards/hoc/cmd/ministers.go:271.3,275.17 4 0
github.com/house-of-cards/hoc/cmd/ministers.go:275.17,277.4 1 0
github.com/house-of-cards/hoc/cmd/ministers.go:280.3,285.24 3 0
github.com/house-of-cards/hoc/cmd/ministers.go:285.24,286.43 1 0
github.com/house-of-cards/hoc/cmd/ministers.go:286.43,288.5 1 0
github.com/house-of-cards/hoc/cmd/ministers.go:291.3,291.72 1 0
github.com/house-of-cards/hoc/cmd/ministers.go:291.72,293.4 1 0
github.com/house-of-cards/hoc/cmd/ministers.go:295.3,296.13 2 0
github.com/house-of-cards/hoc/cmd/ministers.go:303.54,304.34 1 1
github.com/house-of-cards/hoc/cmd/ministers.go:304.34,306.4 1 0
github.com/house-of-cards/hoc/cmd/ministers.go:307.3,310.17 3 1
github.com/house-of-cards/hoc/cmd/ministers.go:310.17,312.4 1 0
github.com/house-of-cards/hoc/cmd/ministers.go:314.3,315.15 2 1
github.com/house-of-cards/hoc/cmd/ministers.go:315.15,325.32 3 1
github.com/house-of-cards/hoc/cmd/ministers.go:325.32,327.25 2 1
github.com/house-of-cards/hoc/cmd/ministers.go:327.25,329.6 1 1
github.com/house-of-cards/hoc/cmd/ministers.go:330.5,337.7 1 1
github.com/house-of-cards/hoc/cmd/ministers.go:339.4,341.26 3 1
github.com/house-of-cards/hoc/cmd/ministers.go:344.3,346.26 3 0
github.com/house-of-cards/hoc/cmd/ministers.go:346.26,348.4 1 0
github.com/house-of-cards/hoc/cmd/ministers.go:349.3,349.31 1 0
github.com/house-of-cards/hoc/cmd/ministers.go:349.31,351.20 2 0
github.com/house-of-cards/hoc/cmd/ministers.go:352.19,353.24 1 0
github.com/house-of-cards/hoc/cmd/ministers.go:354.16,355.24 1 0
github.com/house-of-cards/hoc/cmd/ministers.go:356.17,357.24 1 0
github.com/house-of-cards/hoc/cmd/ministers.go:359.4,361.31 3 0
github.com/house-of-cards/hoc/cmd/ministers.go:361.31,363.5 1 0
github.com/house-of-cards/hoc/cmd/ministers.go:364.4,364.25 1 0
github.com/house-of-cards/hoc/cmd/ministers.go:364.25,366.5 1 0
github.com/house-of-cards/hoc/cmd/ministers.go:368.3,368.13 1 0
github.com/house-of-cards/hoc/cmd/ministers.go:382.54,383.34 1 0
github.com/house-of-cards/hoc/cmd/ministers.go:383.34,385.4 1 0
github.com/house-of-cards/hoc/cmd/ministers.go:386.3,390.17 4 0
github.com/house-of-cards/hoc/cmd/ministers.go:390.17,392.4 1 0
github.com/house-of-cards/hoc/cmd/ministers.go:394.3,395.17 2 0
github.com/house-of-cards/hoc/cmd/ministers.go:395.17,397.4 1 0
github.com/house-of-cards/hoc/cmd/ministers.go:399.3,399.22 1 0
github.com/house-of-cards/hoc/cmd/ministers.go:399.22,402.4 2 0
github.com/house-of-cards/hoc/cmd/ministers.go:404.3,406.27 2 0
github.com/house-of-cards/hoc/cmd/ministers.go:406.27,407.83 1 0
github.com/house-of-cards/hoc/cmd/ministers.go:407.83,408.13 1 0
github.com/house-of-cards/hoc/cmd/ministers.go:412.4,413.31 2 0
github.com/house-of-cards/hoc/cmd/ministers.go:413.31,416.70 3 0
github.com/house-of-cards/hoc/cmd/ministers.go:416.70,419.6 2 0
github.com/house-of-cards/hoc/cmd/ministers.go:422.4,423.29 2 0
github.com/house-of-cards/hoc/cmd/ministers.go:423.29,425.5 1 0
github.com/house-of-cards/hoc/cmd/ministers.go:428.4,452.55 6 0
github.com/house-of-cards/hoc/cmd/ministers.go:452.55,454.5 1 0
github.com/house-of-cards/hoc/cmd/ministers.go:455.4,455.64 1 0
github.com/house-of-cards/hoc/cmd/ministers.go:458.3,461.13 4 0
github.com/house-of-cards/hoc/cmd/ministers.go:471.54,472.34 1 0
github.com/house-of-cards/hoc/cmd/ministers.go:472.34,474.4 1 0
github.com/house-of-cards/hoc/cmd/ministers.go:475.3,479.17 4 0
github.com/house-of-cards/hoc/cmd/ministers.go:479.17,481.4 1 0
github.com/house-of-cards/hoc/cmd/ministers.go:483.3,483.26 1 0
github.com/house-of-cards/hoc/cmd/ministers.go:483.26,485.4 1 0
github.com/house-of-cards/hoc/cmd/ministers.go:487.3,487.69 1 0
github.com/house-of-cards/hoc/cmd/ministers.go:487.69,489.4 1 0
github.com/house-of-cards/hoc/cmd/ministers.go:491.3,504.13 6 0
github.com/house-of-cards/hoc/cmd/ministers.go:523.54,524.34 1 0
github.com/house-of-cards/hoc/cmd/ministers.go:524.34,526.4 1 0
github.com/house-of-cards/hoc/cmd/ministers.go:527.3,535.26 7 0
github.com/house-of-cards/hoc/cmd/ministers.go:535.26,537.4 1 0
github.com/house-of-cards/hoc/cmd/ministers.go:538.3,549.7 7 0
github.com/house-of-cards/hoc/cmd/ministers.go:549.7,550.11 1 0
github.com/house-of-cards/hoc/cmd/ministers.go:551.22,553.15 2 0
github.com/house-of-cards/hoc/cmd/ministers.go:554.20,555.82 1 0
github.com/house-of-cards/hoc/cmd/ministers.go:565.110,568.16 2 0
github.com/house-of-cards/hoc/cmd/ministers.go:568.16,571.3 2 0
github.com/house-of-cards/hoc/cmd/ministers.go:572.2,572.35 1 0
github.com/house-of-cards/hoc/cmd/ministers.go:572.35,575.3 2 0
github.com/house-of-cards/hoc/cmd/ministers.go:577.2,578.16 2 0
github.com/house-of-cards/hoc/cmd/ministers.go:578.16,581.3 2 0
github.com/house-of-cards/hoc/cmd/ministers.go:583.2,583.32 1 0
github.com/house-of-cards/hoc/cmd/ministers.go:583.32,584.54 1 0
github.com/house-of-cards/hoc/cmd/ministers.go:584.54,585.12 1 0
github.com/house-of-cards/hoc/cmd/ministers.go:588.3,589.20 2 0
github.com/house-of-cards/hoc/cmd/ministers.go:589.20,591.4 1 0
github.com/house-of-cards/hoc/cmd/ministers.go:592.3,592.20 1 0
github.com/house-of-cards/hoc/cmd/ministers.go:592.20,594.12 2 0
github.com/house-of-cards/hoc/cmd/ministers.go:597.3,598.17 2 0
github.com/house-of-cards/hoc/cmd/ministers.go:598.17,599.12 1 0
github.com/house-of-cards/hoc/cmd/ministers.go:602.3,602.30 1 0
github.com/house-of-cards/hoc/cmd/ministers.go:602.30,603.62 1 0
github.com/house-of-cards/hoc/cmd/ministers.go:603.62,604.13 1 0
github.com/house-of-cards/hoc/cmd/ministers.go:607.4,608.18 2 0
github.com/house-of-cards/hoc/cmd/ministers.go:608.18,609.13 1 0
github.com/house-of-cards/hoc/cmd/ministers.go:611.4,611.33 1 0
github.com/house-of-cards/hoc/cmd/ministers.go:611.33,612.13 1 0
github.com/house-of-cards/hoc/cmd/ministers.go:615.4,615.37 1 0
github.com/house-of-cards/hoc/cmd/ministers.go:615.37,617.5 1 0
github.com/house-of-cards/hoc/cmd/ministers.go:619.4,620.87 2 0
github.com/house-of-cards/hoc/cmd/ministers.go:620.87,622.13 2 0
github.com/house-of-cards/hoc/cmd/ministers.go:626.4,626.65 1 0
github.com/house-of-cards/hoc/cmd/ministers.go:626.65,628.5 1 0
github.com/house-of-cards/hoc/cmd/ministers.go:634.97,636.16 2 0
github.com/house-of-cards/hoc/cmd/ministers.go:636.16,638.3 1 0
github.com/house-of-cards/hoc/cmd/ministers.go:640.2,641.16 2 0
github.com/house-of-cards/hoc/cmd/ministers.go:641.16,643.3 1 0
github.com/house-of-cards/hoc/cmd/ministers.go:645.2,646.57 2 0
github.com/house-of-cards/hoc/cmd/ministers.go:646.57,648.3 1 0
github.com/house-of-cards/hoc/cmd/ministers.go:650.2,651.16 2 0
github.com/house-of-cards/hoc/cmd/ministers.go:651.16,653.3 1 0
github.com/house-of-cards/hoc/cmd/ministers.go:654.2,654.73 1 0
github.com/house-of-cards/hoc/cmd/ministers.go:654.73,655.37 1 0
github.com/house-of-cards/hoc/cmd/ministers.go:655.37,657.4 1 0
github.com/house-of-cards/hoc/cmd/ministers.go:661.2,662.68 2 0
github.com/house-of-cards/hoc/cmd/ministers.go:662.68,664.3 1 0
github.com/house-of-cards/hoc/cmd/ministers.go:665.2,666.78 2 0
github.com/house-of-cards/hoc/cmd/ministers.go:666.78,668.3 1 0
github.com/house-of-cards/hoc/cmd/ministers.go:670.2,673.31 3 0
github.com/house-of-cards/hoc/cmd/ministers.go:673.31,676.38 3 0
github.com/house-of-cards/hoc/cmd/ministers.go:676.38,679.4 2 0
github.com/house-of-cards/hoc/cmd/ministers.go:680.3,680.23 1 0
github.com/house-of-cards/hoc/cmd/ministers.go:683.2,692.16 4 0
github.com/house-of-cards/hoc/cmd/ministers.go:692.16,694.3 1 0
github.com/house-of-cards/hoc/cmd/ministers.go:696.2,698.23 3 0
github.com/house-of-cards/hoc/cmd/ministers.go:698.23,700.3 1 0
github.com/house-of-cards/hoc/cmd/ministers.go:701.2,705.13 4 0
github.com/house-of-cards/hoc/cmd/ministers.go:705.13,707.3 1 0
github.com/house-of-cards/hoc/cmd/ministers.go:707.8,709.3 1 0
github.com/house-of-cards/hoc/cmd/ministers.go:710.2,710.12 1 0
github.com/house-of-cards/hoc/cmd/ministers.go:714.62,719.2 4 0
github.com/house-of-cards/hoc/cmd/ministers.go:722.87,724.27 2 0
github.com/house-of-cards/hoc/cmd/ministers.go:724.27,726.3 1 0
github.com/house-of-cards/hoc/cmd/ministers.go:727.2,728.21 2 0
github.com/house-of-cards/hoc/cmd/ministers.go:728.21,730.3 1 0
github.com/house-of-cards/hoc/cmd/ministers.go:732.2,733.18 2 0
github.com/house-of-cards/hoc/cmd/ministers.go:733.18,735.3 1 0
github.com/house-of-cards/hoc/cmd/ministers.go:737.2,829.3 2 0
github.com/house-of-cards/hoc/cmd/ministers.go:835.92,953.2 2 0
github.com/house-of-cards/hoc/cmd/ministers.go:956.53,957.21 1 0
github.com/house-of-cards/hoc/cmd/ministers.go:957.21,960.96 2 0
github.com/house-of-cards/hoc/cmd/ministers.go:960.96,963.23 3 0
github.com/house-of-cards/hoc/cmd/ministers.go:963.23,965.5 1 0
github.com/house-of-cards/hoc/cmd/ministers.go:966.4,966.28 1 0
github.com/house-of-cards/hoc/cmd/ministers.go:966.28,968.35 2 0
github.com/house-of-cards/hoc/cmd/ministers.go:968.35,970.6 1 0
github.com/house-of-cards/hoc/cmd/ministers.go:972.4,972.28 1 0
github.com/house-of-cards/hoc/cmd/ministers.go:972.28,974.35 2 0
github.com/house-of-cards/hoc/cmd/ministers.go:974.35,976.6 1 0
github.com/house-of-cards/hoc/cmd/ministers.go:978.4,978.30 1 0
github.com/house-of-cards/hoc/cmd/ministers.go:978.30,980.37 2 0
github.com/house-of-cards/hoc/cmd/ministers.go:980.37,982.6 1 0
github.com/house-of-cards/hoc/cmd/ministers.go:984.4,984.22 1 0
github.com/house-of-cards/hoc/cmd/ministers.go:987.2,987.103 1 0
github.com/house-of-cards/hoc/cmd/ministers.go:1000.47,1002.3 1 0
github.com/house-of-cards/hoc/cmd/ministers.go:1010.54,1011.34 1 0
github.com/house-of-cards/hoc/cmd/ministers.go:1011.34,1013.4 1 0
github.com/house-of-cards/hoc/cmd/ministers.go:1014.3,1020.55 4 0
github.com/house-of-cards/hoc/cmd/ministers.go:1020.55,1022.4 1 0
github.com/house-of-cards/hoc/cmd/ministers.go:1024.3,1024.47 1 0
github.com/house-of-cards/hoc/cmd/ministers.go:1024.47,1026.4 1 0
github.com/house-of-cards/hoc/cmd/ministers.go:1028.3,1028.57 1 0
github.com/house-of-cards/hoc/cmd/ministers.go:1028.57,1030.4 1 0
github.com/house-of-cards/hoc/cmd/ministers.go:1032.3,1034.13 3 0
github.com/house-of-cards/hoc/cmd/ministers.go:1043.54,1044.34 1 0
github.com/house-of-cards/hoc/cmd/ministers.go:1044.34,1046.4 1 0
github.com/house-of-cards/hoc/cmd/ministers.go:1047.3,1051.17 4 0
github.com/house-of-cards/hoc/cmd/ministers.go:1051.17,1053.4 1 0
github.com/house-of-cards/hoc/cmd/ministers.go:1055.3,1055.22 1 0
github.com/house-of-cards/hoc/cmd/ministers.go:1055.22,1058.4 2 0
github.com/house-of-cards/hoc/cmd/ministers.go:1060.3,1061.32 2 0
github.com/house-of-cards/hoc/cmd/ministers.go:1061.32,1065.18 4 0
github.com/house-of-cards/hoc/cmd/ministers.go:1065.18,1068.5 2 0
github.com/house-of-cards/hoc/cmd/ministers.go:1069.4,1069.66 1 0
github.com/house-of-cards/hoc/cmd/ministers.go:1071.3,1071.13 1 0
github.com/house-of-cards/hoc/cmd/ministers.go:1080.54,1081.34 1 0
github.com/house-of-cards/hoc/cmd/ministers.go:1081.34,1083.4 1 0
github.com/house-of-cards/hoc/cmd/ministers.go:1084.3,1088.17 4 0
github.com/house-of-cards/hoc/cmd/ministers.go:1088.17,1090.4 1 0
github.com/house-of-cards/hoc/cmd/ministers.go:1092.3,1092.19 1 0
github.com/house-of-cards/hoc/cmd/ministers.go:1092.19,1095.4 2 0
github.com/house-of-cards/hoc/cmd/ministers.go:1097.3,1098.13 2 0
github.com/house-of-cards/hoc/cmd/privy.go:18.47,20.3 1 0
github.com/house-of-cards/hoc/cmd/privy.go:24.13,36.2 9 1
github.com/house-of-cards/hoc/cmd/privy.go:50.54,51.34 1 0
github.com/house-of-cards/hoc/cmd/privy.go:51.34,53.4 1 0
github.com/house-of-cards/hoc/cmd/privy.go:54.3,63.17 7 0
github.com/house-of-cards/hoc/cmd/privy.go:63.17,65.4 1 0
github.com/house-of-cards/hoc/cmd/privy.go:68.3,69.17 2 0
github.com/house-of-cards/hoc/cmd/privy.go:69.17,71.4 1 0
github.com/house-of-cards/hoc/cmd/privy.go:73.3,74.27 2 0
github.com/house-of-cards/hoc/cmd/privy.go:74.27,75.54 1 0
github.com/house-of-cards/hoc/cmd/privy.go:75.54,81.5 1 0
github.com/house-of-cards/hoc/cmd/privy.go:84.3,84.29 1 0
github.com/house-of-cards/hoc/cmd/privy.go:84.29,88.4 3 0
github.com/house-of-cards/hoc/cmd/privy.go:91.3,92.54 2 0
github.com/house-of-cards/hoc/cmd/privy.go:92.54,94.4 1 0
github.com/house-of-cards/hoc/cmd/privy.go:96.3,103.35 7 0
github.com/house-of-cards/hoc/cmd/privy.go:103.35,105.4 1 0
github.com/house-of-cards/hoc/cmd/privy.go:106.3,108.13 2 0
github.com/house-of-cards/hoc/cmd/privy.go:108.13,111.4 2 0
github.com/house-of-cards/hoc/cmd/privy.go:114.3,115.17 2 0
github.com/house-of-cards/hoc/cmd/privy.go:115.17,117.4 1 0
github.com/house-of-cards/hoc/cmd/privy.go:119.3,119.21 1 0
github.com/house-of-cards/hoc/cmd/privy.go:119.21,121.46 1 0
github.com/house-of-cards/hoc/cmd/privy.go:121.46,122.71 1 0
github.com/house-of-cards/hoc/cmd/privy.go:122.71,124.6 1 0
github.com/house-of-cards/hoc/cmd/privy.go:128.4,129.36 2 0
github.com/house-of-cards/hoc/cmd/privy.go:129.36,131.5 1 0
github.com/house-of-cards/hoc/cmd/privy.go:132.4,150.55 9 0
github.com/house-of-cards/hoc/cmd/privy.go:151.9,166.37 6 0
github.com/house-of-cards/hoc/cmd/privy.go:166.37,168.44 2 0
github.com/house-of-cards/hoc/cmd/privy.go:168.44,170.6 1 0
github.com/house-of-cards/hoc/cmd/privy.go:172.4,176.63 5 0
github.com/house-of-cards/hoc/cmd/privy.go:179.3,179.13 1 0
github.com/house-of-cards/hoc/cmd/privy.go:196.54,202.54 5 0
github.com/house-of-cards/hoc/cmd/privy.go:202.54,204.4 1 0
github.com/house-of-cards/hoc/cmd/privy.go:206.3,213.17 7 0
github.com/house-of-cards/hoc/cmd/privy.go:213.17,215.4 1 0
github.com/house-of-cards/hoc/cmd/privy.go:217.3,217.22 1 0
github.com/house-of-cards/hoc/cmd/privy.go:217.22,220.4 2 0
github.com/house-of-cards/hoc/cmd/privy.go:222.3,223.28 2 0
github.com/house-of-cards/hoc/cmd/privy.go:223.28,225.21 2 0
github.com/house-of-cards/hoc/cmd/privy.go:225.21,227.5 1 0
github.com/house-of-cards/hoc/cmd/privy.go:228.4,229.58 2 0
github.com/house-of-cards/hoc/cmd/privy.go:231.3,234.13 3 0
github.com/house-of-cards/hoc/cmd/privy.go:238.38,239.13 1 0
github.com/house-of-cards/hoc/cmd/privy.go:239.13,241.3 1 0
github.com/house-of-cards/hoc/cmd/privy.go:242.2,242.10 1 0
github.com/house-of-cards/hoc/cmd/project.go:17.47,19.3 1 0
github.com/house-of-cards/hoc/cmd/project.go:27.54,35.56 5 0
github.com/house-of-cards/hoc/cmd/project.go:35.56,37.4 1 0
github.com/house-of-cards/hoc/cmd/project.go:39.3,43.45 3 0
github.com/house-of-cards/hoc/cmd/project.go:43.45,45.4 1 0
github.com/house-of-cards/hoc/cmd/project.go:48.3,53.26 2 0
github.com/house-of-cards/hoc/cmd/project.go:53.26,54.47 1 0
github.com/house-of-cards/hoc/cmd/project.go:54.47,56.5 1 0
github.com/house-of-cards/hoc/cmd/project.go:60.3,64.38 5 0
github.com/house-of-cards/hoc/cmd/project.go:64.38,68.4 2 0
github.com/house-of-cards/hoc/cmd/project.go:70.3,74.13 5 0
github.com/house-of-cards/hoc/cmd/project.go:81.54,86.17 4 0
github.com/house-of-cards/hoc/cmd/project.go:86.17,87.26 1 0
github.com/house-of-cards/hoc/cmd/project.go:87.26,90.5 2 0
github.com/house-of-cards/hoc/cmd/project.go:91.4,91.51 1 0
github.com/house-of-cards/hoc/cmd/project.go:94.3,96.24 3 0
github.com/house-of-cards/hoc/cmd/project.go:96.24,99.4 2 0
github.com/house-of-cards/hoc/cmd/project.go:101.3,101.29 1 0
github.com/house-of-cards/hoc/cmd/project.go:101.29,102.18 1 0
github.com/house-of-cards/hoc/cmd/project.go:102.18,103.13 1 0
github.com/house-of-cards/hoc/cmd/project.go:105.4,107.54 3 0
github.com/house-of-cards/hoc/cmd/project.go:107.54,109.5 1 0
github.com/house-of-cards/hoc/cmd/project.go:110.4,111.74 2 0
github.com/house-of-cards/hoc/cmd/project.go:113.3,113.13 1 0
github.com/house-of-cards/hoc/cmd/project.go:118.13,121.2 2 1
github.com/house-of-cards/hoc/cmd/root.go:42.54,44.13 2 0
github.com/house-of-cards/hoc/cmd/root.go:44.13,46.3 1 0
github.com/house-of-cards/hoc/cmd/root.go:46.8,46.18 1 0
github.com/house-of-cards/hoc/cmd/root.go:46.18,48.3 1 0
github.com/house-of-cards/hoc/cmd/root.go:49.2,54.56 4 0
github.com/house-of-cards/hoc/cmd/root.go:54.56,61.3 2 0
github.com/house-of-cards/hoc/cmd/root.go:61.8,64.3 1 0
github.com/house-of-cards/hoc/cmd/root.go:66.2,66.12 1 0
github.com/house-of-cards/hoc/cmd/root.go:70.16,71.42 1 0
github.com/house-of-cards/hoc/cmd/root.go:71.42,74.3 2 0
github.com/house-of-cards/hoc/cmd/root.go:78.13,98.2 18 1
github.com/house-of-cards/hoc/cmd/serve.go:49.54,50.34 1 0
github.com/house-of-cards/hoc/cmd/serve.go:50.34,52.4 1 0
github.com/house-of-cards/hoc/cmd/serve.go:55.3,73.13 8 0
github.com/house-of-cards/hoc/cmd/serve.go:73.13,74.78 1 0
github.com/house-of-cards/hoc/cmd/serve.go:74.78,76.5 1 0
github.com/house-of-cards/hoc/cmd/serve.go:80.3,87.43 7 0
github.com/house-of-cards/hoc/cmd/serve.go:87.43,89.4 1 0
github.com/house-of-cards/hoc/cmd/serve.go:91.3,93.13 3 0
github.com/house-of-cards/hoc/cmd/serve.go:98.13,103.2 3 1
github.com/house-of-cards/hoc/cmd/serve.go:106.44,108.73 1 0
github.com/house-of-cards/hoc/cmd/serve.go:108.73,112.3 3 0
github.com/house-of-cards/hoc/cmd/serve.go:115.2,134.29 9 0
github.com/house-of-cards/hoc/cmd/serve.go:139.61,140.18 1 0
github.com/house-of-cards/hoc/cmd/serve.go:141.13,143.17 2 0
github.com/house-of-cards/hoc/cmd/serve.go:143.17,146.4 2 0
github.com/house-of-cards/hoc/cmd/serve.go:147.3,147.25 1 0
github.com/house-of-cards/hoc/cmd/serve.go:149.14,155.62 2 0
github.com/house-of-cards/hoc/cmd/serve.go:155.62,158.4 2 0
github.com/house-of-cards/hoc/cmd/serve.go:160.3,160.22 1 0
github.com/house-of-cards/hoc/cmd/serve.go:160.22,163.4 2 0
github.com/house-of-cards/hoc/cmd/serve.go:165.3,165.25 1 0
github.com/house-of-cards/hoc/cmd/serve.go:165.25,167.4 1 0
github.com/house-of-cards/hoc/cmd/serve.go:170.3,171.28 2 0
github.com/house-of-cards/hoc/cmd/serve.go:171.28,174.4 2 0
github.com/house-of-cards/hoc/cmd/serve.go:176.3,184.48 3 0
github.com/house-of-cards/hoc/cmd/serve.go:184.48,187.4 2 0
github.com/house-of-cards/hoc/cmd/serve.go:189.3,194.5 1 0
github.com/house-of-cards/hoc/cmd/serve.go:196.10,197.67 1 0
github.com/house-of-cards/hoc/cmd/serve.go:201.66,204.14 2 0
github.com/house-of-cards/hoc/cmd/serve.go:204.14,207.3 2 0
github.com/house-of-cards/hoc/cmd/serve.go:209.2,209.18 1 0
github.com/house-of-cards/hoc/cmd/serve.go:210.13,212.17 2 0
github.com/house-of-cards/hoc/cmd/serve.go:212.17,215.4 2 0
github.com/house-of-cards/hoc/cmd/serve.go:217.3,221.5 2 0
github.com/house-of-cards/hoc/cmd/serve.go:223.10,224.67 1 0
github.com/house-of-cards/hoc/cmd/serve.go:228.62,229.18 1 0
github.com/house-of-cards/hoc/cmd/serve.go:230.13,232.17 2 0
github.com/house-of-cards/hoc/cmd/serve.go:232.17,235.4 2 0
github.com/house-of-cards/hoc/cmd/serve.go:236.3,236.26 1 0
github.com/house-of-cards/hoc/cmd/serve.go:238.10,239.67 1 0
github.com/house-of-cards/hoc/cmd/serve.go:243.67,246.38 2 0
github.com/house-of-cards/hoc/cmd/serve.go:246.38,249.3 2 0
github.com/house-of-cards/hoc/cmd/serve.go:250.2,252.20 3 0
github.com/house-of-cards/hoc/cmd/serve.go:252.20,254.3 1 0
github.com/house-of-cards/hoc/cmd/serve.go:256.2,256.18 1 0
github.com/house-of-cards/hoc/cmd/serve.go:257.14,258.25 1 0
github.com/house-of-cards/hoc/cmd/serve.go:258.25,262.63 2 0
github.com/house-of-cards/hoc/cmd/serve.go:262.63,265.5 2 0
github.com/house-of-cards/hoc/cmd/serve.go:267.4,268.18 2 0
github.com/house-of-cards/hoc/cmd/serve.go:268.18,271.5 2 0
github.com/house-of-cards/hoc/cmd/serve.go:273.4,273.65 1 0
github.com/house-of-cards/hoc/cmd/serve.go:273.65,276.5 2 0
github.com/house-of-cards/hoc/cmd/serve.go:278.4,278.73 1 0
github.com/house-of-cards/hoc/cmd/serve.go:278.73,281.5 2 0
github.com/house-of-cards/hoc/cmd/serve.go:283.4,290.10 3 0
github.com/house-of-cards/hoc/cmd/serve.go:292.3,292.57 1 0
github.com/house-of-cards/hoc/cmd/serve.go:294.10,295.67 1 0
github.com/house-of-cards/hoc/cmd/serve.go:299.63,302.38 2 0
github.com/house-of-cards/hoc/cmd/serve.go:302.38,305.3 2 0
github.com/house-of-cards/hoc/cmd/serve.go:306.2,308.20 3 0
github.com/house-of-cards/hoc/cmd/serve.go:308.20,310.3 1 0
github.com/house-of-cards/hoc/cmd/serve.go:312.2,312.18 1 0
github.com/house-of-cards/hoc/cmd/serve.go:313.14,314.25 1 0
github.com/house-of-cards/hoc/cmd/serve.go:314.25,318.63 2 0
github.com/house-of-cards/hoc/cmd/serve.go:318.63,321.5 2 0
github.com/house-of-cards/hoc/cmd/serve.go:323.4,323.64 1 0
github.com/house-of-cards/hoc/cmd/serve.go:323.64,326.5 2 0
github.com/house-of-cards/hoc/cmd/serve.go:327.4,327.65 1 0
github.com/house-of-cards/hoc/cmd/serve.go:327.65,330.5 2 0
github.com/house-of-cards/hoc/cmd/serve.go:332.4,337.10 2 0
github.com/house-of-cards/hoc/cmd/serve.go:340.3,340.26 1 0
github.com/house-of-cards/hoc/cmd/serve.go:340.26,349.18 4 0
github.com/house-of-cards/hoc/cmd/serve.go:349.18,352.5 2 0
github.com/house-of-cards/hoc/cmd/serve.go:354.4,354.65 1 0
github.com/house-of-cards/hoc/cmd/serve.go:354.65,357.5 2 0
github.com/house-of-cards/hoc/cmd/serve.go:359.4,360.24 2 0
github.com/house-of-cards/hoc/cmd/serve.go:360.24,371.5 2 0
github.com/house-of-cards/hoc/cmd/serve.go:373.4,374.23 2 0
github.com/house-of-cards/hoc/cmd/serve.go:374.23,376.5 1 0
github.com/house-of-cards/hoc/cmd/serve.go:377.4,390.10 4 0
github.com/house-of-cards/hoc/cmd/serve.go:393.3,393.57 1 0
github.com/house-of-cards/hoc/cmd/serve.go:395.10,396.67 1 0
github.com/house-of-cards/hoc/cmd/serve.go:400.61,401.18 1 0
github.com/house-of-cards/hoc/cmd/serve.go:402.13,407.23 4 0
github.com/house-of-cards/hoc/cmd/serve.go:407.23,409.4 1 0
github.com/house-of-cards/hoc/cmd/serve.go:409.9,411.4 1 0
github.com/house-of-cards/hoc/cmd/serve.go:413.3,413.17 1 0
github.com/house-of-cards/hoc/cmd/serve.go:413.17,416.4 2 0
github.com/house-of-cards/hoc/cmd/serve.go:417.3,417.25 1 0
github.com/house-of-cards/hoc/cmd/serve.go:419.10,420.67 1 0
github.com/house-of-cards/hoc/cmd/serve.go:424.61,425.18 1 0
github.com/house-of-cards/hoc/cmd/serve.go:426.14,429.17 2 0
github.com/house-of-cards/hoc/cmd/serve.go:429.17,432.4 2 0
github.com/house-of-cards/hoc/cmd/serve.go:435.3,436.19 2 0
github.com/house-of-cards/hoc/cmd/serve.go:436.19,438.17 2 0
github.com/house-of-cards/hoc/cmd/serve.go:438.17,441.5 2 0
github.com/house-of-cards/hoc/cmd/serve.go:442.4,442.50 1 0
github.com/house-of-cards/hoc/cmd/serve.go:442.50,445.5 2 0
github.com/house-of-cards/hoc/cmd/serve.go:448.3,449.56 2 0
github.com/house-of-cards/hoc/cmd/serve.go:449.56,452.4 2 0
github.com/house-of-cards/hoc/cmd/serve.go:454.3,457.20 3 0
github.com/house-of-cards/hoc/cmd/serve.go:458.15,461.24 2 0
github.com/house-of-cards/hoc/cmd/serve.go:461.24,464.22 3 0
github.com/house-of-cards/hoc/cmd/serve.go:464.22,474.6 4 0
github.com/house-of-cards/hoc/cmd/serve.go:477.4,480.6 1 0
github.com/house-of-cards/hoc/cmd/serve.go:482.23,485.19 3 0
github.com/house-of-cards/hoc/cmd/serve.go:485.19,487.5 1 0
github.com/house-of-cards/hoc/cmd/serve.go:488.4,503.6 5 0
github.com/house-of-cards/hoc/cmd/serve.go:505.11,510.6 1 0
github.com/house-of-cards/hoc/cmd/serve.go:513.10,514.67 1 0
github.com/house-of-cards/hoc/cmd/serve.go:519.73,524.2 4 0
github.com/house-of-cards/hoc/cmd/serve.go:528.54,529.53 1 0
github.com/house-of-cards/hoc/cmd/serve.go:529.53,531.3 1 0
github.com/house-of-cards/hoc/cmd/serve.go:534.66,537.2 2 0
github.com/house-of-cards/hoc/cmd/session.go:57.47,59.3 1 0
github.com/house-of-cards/hoc/cmd/session.go:63.13,86.2 18 1
github.com/house-of-cards/hoc/cmd/session.go:92.54,93.34 1 0
github.com/house-of-cards/hoc/cmd/session.go:93.34,95.4 1 0
github.com/house-of-cards/hoc/cmd/session.go:96.3,100.32 3 0
github.com/house-of-cards/hoc/cmd/session.go:100.32,103.4 2 0
github.com/house-of-cards/hoc/cmd/session.go:106.3,107.61 2 0
github.com/house-of-cards/hoc/cmd/session.go:107.61,109.4 1 0
github.com/house-of-cards/hoc/cmd/session.go:110.3,110.31 1 0
github.com/house-of-cards/hoc/cmd/session.go:110.31,112.4 1 0
github.com/house-of-cards/hoc/cmd/session.go:113.3,113.34 1 0
github.com/house-of-cards/hoc/cmd/session.go:113.34,115.4 1 0
github.com/house-of-cards/hoc/cmd/session.go:118.3,123.25 4 0
github.com/house-of-cards/hoc/cmd/session.go:123.25,126.28 2 0
github.com/house-of-cards/hoc/cmd/session.go:126.28,128.5 1 0
github.com/house-of-cards/hoc/cmd/session.go:129.4,130.28 2 0
github.com/house-of-cards/hoc/cmd/session.go:131.9,131.31 1 0
github.com/house-of-cards/hoc/cmd/session.go:131.31,134.4 1 0
github.com/house-of-cards/hoc/cmd/session.go:137.3,138.13 2 0
github.com/house-of-cards/hoc/cmd/session.go:138.13,139.34 1 0
github.com/house-of-cards/hoc/cmd/session.go:139.34,140.61 1 0
github.com/house-of-cards/hoc/cmd/session.go:140.61,142.6 1 0
github.com/house-of-cards/hoc/cmd/session.go:147.3,158.48 3 0
github.com/house-of-cards/hoc/cmd/session.go:158.48,160.4 1 0
github.com/house-of-cards/hoc/cmd/session.go:162.3,166.49 5 0
github.com/house-of-cards/hoc/cmd/session.go:166.49,169.4 2 0
github.com/house-of-cards/hoc/cmd/session.go:170.3,177.33 4 0
github.com/house-of-cards/hoc/cmd/session.go:177.33,178.19 1 0
github.com/house-of-cards/hoc/cmd/session.go:178.19,180.5 1 0
github.com/house-of-cards/hoc/cmd/session.go:184.3,184.33 1 0
github.com/house-of-cards/hoc/cmd/session.go:184.33,186.20 2 0
github.com/house-of-cards/hoc/cmd/session.go:186.20,188.5 1 0
github.com/house-of-cards/hoc/cmd/session.go:188.10,190.5 1 0
github.com/house-of-cards/hoc/cmd/session.go:193.4,194.37 2 0
github.com/house-of-cards/hoc/cmd/session.go:194.37,195.39 1 0
github.com/house-of-cards/hoc/cmd/session.go:195.39,197.6 1 0
github.com/house-of-cards/hoc/cmd/session.go:197.11,199.6 1 0
github.com/house-of-cards/hoc/cmd/session.go:201.4,202.29 2 0
github.com/house-of-cards/hoc/cmd/session.go:202.29,205.5 2 0
github.com/house-of-cards/hoc/cmd/session.go:207.4,217.46 2 0
github.com/house-of-cards/hoc/cmd/session.go:217.46,219.5 1 0
github.com/house-of-cards/hoc/cmd/session.go:220.4,222.26 3 0
github.com/house-of-cards/hoc/cmd/session.go:222.26,224.5 1 0
github.com/house-of-cards/hoc/cmd/session.go:225.4,225.24 1 0
github.com/house-of-cards/hoc/cmd/session.go:225.24,227.5 1 0
github.com/house-of-cards/hoc/cmd/session.go:228.4,228.62 1 0
github.com/house-of-cards/hoc/cmd/session.go:231.3,232.13 2 0
github.com/house-of-cards/hoc/cmd/session.go:240.54,241.34 1 0
github.com/house-of-cards/hoc/cmd/session.go:241.34,243.4 1 0
github.com/house-of-cards/hoc/cmd/session.go:244.3,249.21 3 0
github.com/house-of-cards/hoc/cmd/session.go:249.21,251.4 1 0
github.com/house-of-cards/hoc/cmd/session.go:254.3,255.17 2 0
github.com/house-of-cards/hoc/cmd/session.go:255.17,257.4 1 0
github.com/house-of-cards/hoc/cmd/session.go:259.3,259.15 1 0
github.com/house-of-cards/hoc/cmd/session.go:259.15,261.4 1 0
github.com/house-of-cards/hoc/cmd/session.go:263.3,263.25 1 0
github.com/house-of-cards/hoc/cmd/session.go:263.25,266.4 2 0
github.com/house-of-cards/hoc/cmd/session.go:268.3,268.30 1 0
github.com/house-of-cards/hoc/cmd/session.go:268.30,270.31 2 0
github.com/house-of-cards/hoc/cmd/session.go:270.31,272.5 1 0
github.com/house-of-cards/hoc/cmd/session.go:272.10,272.38 1 0
github.com/house-of-cards/hoc/cmd/session.go:272.38,274.5 1 0
github.com/house-of-cards/hoc/cmd/session.go:274.10,274.35 1 0
github.com/house-of-cards/hoc/cmd/session.go:274.35,276.5 1 0
github.com/house-of-cards/hoc/cmd/session.go:277.4,278.30 2 0
github.com/house-of-cards/hoc/cmd/session.go:278.30,280.5 1 0
github.com/house-of-cards/hoc/cmd/session.go:281.4,285.18 4 0
github.com/house-of-cards/hoc/cmd/session.go:285.18,286.13 1 0
github.com/house-of-cards/hoc/cmd/session.go:288.4,288.28 1 0
github.com/house-of-cards/hoc/cmd/session.go:288.28,291.23 3 0
github.com/house-of-cards/hoc/cmd/session.go:291.23,293.6 1 0
github.com/house-of-cards/hoc/cmd/session.go:294.5,294.78 1 0
github.com/house-of-cards/hoc/cmd/session.go:296.4,296.17 1 0
github.com/house-of-cards/hoc/cmd/session.go:298.3,298.13 1 0
[...]
github.com/house-of-cards/hoc/internal/whip/poller.go:233.65,236.4 2 0
github.com/house-of-cards/hoc/internal/whip/poller.go:238.2,238.51 1 0
github.com/house-of-cards/hoc/internal/whip/poller.go:238.51,240.3 1 0
github.com/house-of-cards/hoc/internal/whip/poller.go:241.2,241.70 1 0
github.com/house-of-cards/hoc/internal/whip/poller.go:241.70,243.3 1 0
github.com/house-of-cards/hoc/internal/whip/poller.go:244.2,248.11 4 0
github.com/house-of-cards/hoc/internal/whip/poller.go:248.11,251.3 2 0
github.com/house-of-cards/hoc/internal/whip/poller.go:252.2,253.155 2 0
github.com/house-of-cards/hoc/internal/whip/poller.go:253.155,255.3 1 0
github.com/house-of-cards/hoc/internal/whip/poller.go:257.2,267.46 4 0
github.com/house-of-cards/hoc/internal/whip/poller.go:267.46,269.3 1 0
github.com/house-of-cards/hoc/internal/whip/poller.go:271.2,281.46 2 0
github.com/house-of-cards/hoc/internal/whip/poller.go:281.46,283.3 1 0
github.com/house-of-cards/hoc/internal/whip/poller.go:292.31,295.16 2 0
github.com/house-of-cards/hoc/internal/whip/poller.go:295.16,298.3 2 0
github.com/house-of-cards/hoc/internal/whip/poller.go:300.2,300.30 1 0
github.com/house-of-cards/hoc/internal/whip/poller.go:300.30,302.21 2 0
github.com/house-of-cards/hoc/internal/whip/poller.go:302.21,303.12 1 0
github.com/house-of-cards/hoc/internal/whip/poller.go:307.3,308.17 2 0
github.com/house-of-cards/hoc/internal/whip/poller.go:308.17,309.12 1 0
github.com/house-of-cards/hoc/internal/whip/poller.go:312.3,313.30 2 0
github.com/house-of-cards/hoc/internal/whip/poller.go:313.30,314.65 1 0
github.com/house-of-cards/hoc/internal/whip/poller.go:314.65,315.13 1 0
github.com/house-of-cards/hoc/internal/whip/poller.go:319.4,320.42 2 0
github.com/house-of-cards/hoc/internal/whip/poller.go:320.42,321.13 1 0
github.com/house-of-cards/hoc/internal/whip/poller.go:325.4,325.40 1 0
github.com/house-of-cards/hoc/internal/whip/poller.go:325.40,327.55 2 0
github.com/house-of-cards/hoc/internal/whip/poller.go:327.55,329.11 2 0
github.com/house-of-cards/hoc/internal/whip/poller.go:334.3,334.15 1 0
github.com/house-of-cards/hoc/internal/whip/poller.go:334.15,336.84 1 0
github.com/house-of-cards/hoc/internal/whip/poller.go:336.84,338.13 2 0
github.com/house-of-cards/hoc/internal/whip/poller.go:340.4,343.31 2 0
github.com/house-of-cards/hoc/internal/whip/poller.go:343.31,346.5 2 0
github.com/house-of-cards/hoc/internal/whip/poller.go:354.66,357.16 2 0
github.com/house-of-cards/hoc/internal/whip/poller.go:357.16,360.3 2 0
github.com/house-of-cards/hoc/internal/whip/poller.go:363.2,365.38 3 0
github.com/house-of-cards/hoc/internal/whip/poller.go:365.38,370.3 3 0
github.com/house-of-cards/hoc/internal/whip/poller.go:373.2,374.16 2 0
github.com/house-of-cards/hoc/internal/whip/poller.go:374.16,376.3 1 0
github.com/house-of-cards/hoc/internal/whip/poller.go:377.2,377.29 1 0
github.com/house-of-cards/hoc/internal/whip/poller.go:377.29,378.25 1 0
github.com/house-of-cards/hoc/internal/whip/poller.go:378.25,379.84 1 0
github.com/house-of-cards/hoc/internal/whip/poller.go:379.84,381.5 1 0
github.com/house-of-cards/hoc/internal/whip/poller.go:382.4,383.9 2 0
github.com/house-of-cards/hoc/internal/whip/report.go:20.32,23.30 3 0
github.com/house-of-cards/hoc/internal/whip/report.go:23.30,24.19 1 0
github.com/house-of-cards/hoc/internal/whip/report.go:25.18,26.13 1 0
github.com/house-of-cards/hoc/internal/whip/report.go:27.15,28.10 1 0
github.com/house-of-cards/hoc/internal/whip/report.go:29.16,30.11 1 0
github.com/house-of-cards/hoc/internal/whip/report.go:34.2,38.20 3 0
github.com/house-of-cards/hoc/internal/whip/report.go:38.20,39.64 1 0
github.com/house-of-cards/hoc/internal/whip/report.go:39.64,42.57 3 0
github.com/house-of-cards/hoc/internal/whip/report.go:42.57,43.82 1 0
github.com/house-of-cards/hoc/internal/whip/report.go:43.82,45.6 1 0
github.com/house-of-cards/hoc/internal/whip/report.go:55.61,59.16 3 0
github.com/house-of-cards/hoc/internal/whip/report.go:59.16,61.3 1 0
github.com/house-of-cards/hoc/internal/whip/report.go:63.2,64.16 2 0
github.com/house-of-cards/hoc/internal/whip/report.go:64.16,66.3 1 0
github.com/house-of-cards/hoc/internal/whip/report.go:68.2,69.16 2 0
github.com/house-of-cards/hoc/internal/whip/report.go:69.16,71.3 1 0
github.com/house-of-cards/hoc/internal/whip/report.go:73.2,74.16 2 0
github.com/house-of-cards/hoc/internal/whip/report.go:74.16,76.3 1 0
github.com/house-of-cards/hoc/internal/whip/report.go:79.2,80.16 2 0
github.com/house-of-cards/hoc/internal/whip/report.go:80.16,82.3 1 0
github.com/house-of-cards/hoc/internal/whip/report.go:85.2,92.29 6 0
github.com/house-of-cards/hoc/internal/whip/report.go:92.29,94.3 1 0
github.com/house-of-cards/hoc/internal/whip/report.go:95.2,98.36 4 0
github.com/house-of-cards/hoc/internal/whip/report.go:98.36,100.43 2 0
github.com/house-of-cards/hoc/internal/whip/report.go:100.43,102.25 2 0
github.com/house-of-cards/hoc/internal/whip/report.go:102.25,104.5 1 0
github.com/house-of-cards/hoc/internal/whip/report.go:105.4,105.82 1 0
github.com/house-of-cards/hoc/internal/whip/report.go:107.8,109.3 1 0
github.com/house-of-cards/hoc/internal/whip/report.go:112.2,113.32 2 0
github.com/house-of-cards/hoc/internal/whip/report.go:113.32,115.30 2 0
github.com/house-of-cards/hoc/internal/whip/report.go:115.30,117.4 1 0
github.com/house-of-cards/hoc/internal/whip/report.go:117.9,117.37 1 0
github.com/house-of-cards/hoc/internal/whip/report.go:117.37,119.4 1 0
github.com/house-of-cards/hoc/internal/whip/report.go:120.3,124.27 4 0
github.com/house-of-cards/hoc/internal/whip/report.go:124.27,126.4 1 0
github.com/house-of-cards/hoc/internal/whip/report.go:127.3,128.77 1 0
github.com/house-of-cards/hoc/internal/whip/report.go:132.2,133.30 2 0
github.com/house-of-cards/hoc/internal/whip/report.go:133.30,135.19 2 0
github.com/house-of-cards/hoc/internal/whip/report.go:136.18,137.17 1 0
github.com/house-of-cards/hoc/internal/whip/report.go:138.15,139.17 1 0
github.com/house-of-cards/hoc/internal/whip/report.go:140.16,141.17 1 0
github.com/house-of-cards/hoc/internal/whip/report.go:143.3,144.24 2 0
github.com/house-of-cards/hoc/internal/whip/report.go:144.24,147.4 2 0
github.com/house-of-cards/hoc/internal/whip/report.go:148.3,150.16 3 0
github.com/house-of-cards/hoc/internal/whip/report.go:150.16,152.4 1 0
github.com/house-of-cards/hoc/internal/whip/report.go:153.3,154.45 1 0
github.com/house-of-cards/hoc/internal/whip/report.go:158.2,159.29 2 0
github.com/house-of-cards/hoc/internal/whip/report.go:159.29,162.3 1 0
github.com/house-of-cards/hoc/internal/whip/report.go:165.2,165.17 1 0
github.com/house-of-cards/hoc/internal/whip/report.go:165.17,169.10 4 0
github.com/house-of-cards/hoc/internal/whip/report.go:170.19,171.62 1 0
github.com/house-of-cards/hoc/internal/whip/report.go:172.26,173.40 1 0
github.com/house-of-cards/hoc/internal/whip/report.go:174.11,175.30 1 0
github.com/house-of-cards/hoc/internal/whip/report.go:175.30,177.29 2 0
github.com/house-of-cards/hoc/internal/whip/report.go:178.20,179.25 1 0
github.com/house-of-cards/hoc/internal/whip/report.go:180.19,181.25 1 0
github.com/house-of-cards/hoc/internal/whip/report.go:182.20,183.26 1 0
github.com/house-of-cards/hoc/internal/whip/report.go:185.5,186.24 2 0
github.com/house-of-cards/hoc/internal/whip/report.go:186.24,188.6 1 0
github.com/house-of-cards/hoc/internal/whip/report.go:189.5,195.7 1 0
github.com/house-of-cards/hoc/internal/whip/report.go:200.2,201.25 2 0
github.com/house-of-cards/hoc/internal/whip/report.go:205.35,207.21 2 0
github.com/house-of-cards/hoc/internal/whip/report.go:207.21,209.3 1 0
github.com/house-of-cards/hoc/internal/whip/report.go:210.2,210.19 1 0
github.com/house-of-cards/hoc/internal/whip/report.go:210.19,212.3 1 0
github.com/house-of-cards/hoc/internal/whip/report.go:213.2,213.67 1 0
github.com/house-of-cards/hoc/internal/whip/scheduler.go:18.29,20.16 2 0
github.com/house-of-cards/hoc/internal/whip/scheduler.go:20.16,23.3 2 0
github.com/house-of-cards/hoc/internal/whip/scheduler.go:25.2,25.32 1 0
github.com/house-of-cards/hoc/internal/whip/scheduler.go:25.32,27.3 1 0
github.com/house-of-cards/hoc/internal/whip/scheduler.go:31.52,33.16 2 1
github.com/house-of-cards/hoc/internal/whip/scheduler.go:33.16,36.3 2 0
github.com/house-of-cards/hoc/internal/whip/scheduler.go:39.2,40.26 2 1
github.com/house-of-cards/hoc/internal/whip/scheduler.go:40.26,42.3 1 1
github.com/house-of-cards/hoc/internal/whip/scheduler.go:46.2,47.26 2 1
github.com/house-of-cards/hoc/internal/whip/scheduler.go:47.26,48.25 1 1
github.com/house-of-cards/hoc/internal/whip/scheduler.go:48.25,49.31 1 0
github.com/house-of-cards/hoc/internal/whip/scheduler.go:49.31,51.5 1 0
github.com/house-of-cards/hoc/internal/whip/scheduler.go:52.4,52.12 1 0
github.com/house-of-cards/hoc/internal/whip/scheduler.go:54.3,54.82 1 1
github.com/house-of-cards/hoc/internal/whip/scheduler.go:54.82,56.4 1 1
github.com/house-of-cards/hoc/internal/whip/scheduler.go:58.2,58.31 1 1
github.com/house-of-cards/hoc/internal/whip/scheduler.go:58.31,62.3 3 1
github.com/house-of-cards/hoc/internal/whip/scheduler.go:64.2,64.29 1 1
github.com/house-of-cards/hoc/internal/whip/scheduler.go:64.29,65.29 1 1
github.com/house-of-cards/hoc/internal/whip/scheduler.go:65.29,66.12 1 0
github.com/house-of-cards/hoc/internal/whip/scheduler.go:68.3,68.33 1 1
github.com/house-of-cards/hoc/internal/whip/scheduler.go:68.33,69.12 1 1
github.com/house-of-cards/hoc/internal/whip/scheduler.go:71.3,71.63 1 1
github.com/house-of-cards/hoc/internal/whip/scheduler.go:71.63,72.12 1 1
github.com/house-of-cards/hoc/internal/whip/scheduler.go:76.3,78.36 3 1
github.com/house-of-cards/hoc/internal/whip/scheduler.go:78.36,79.23 1 1
github.com/house-of-cards/hoc/internal/whip/scheduler.go:79.23,81.5 1 0
github.com/house-of-cards/hoc/internal/whip/scheduler.go:82.4,82.12 1 1
github.com/house-of-cards/hoc/internal/whip/scheduler.go:85.3,85.37 1 1
github.com/house-of-cards/hoc/internal/whip/scheduler.go:93.52,98.16 3 1
github.com/house-of-cards/hoc/internal/whip/scheduler.go:98.16,100.3 1 0
github.com/house-of-cards/hoc/internal/whip/scheduler.go:103.2,104.32 2 1
github.com/house-of-cards/hoc/internal/whip/scheduler.go:104.32,105.28 1 0
github.com/house-of-cards/hoc/internal/whip/scheduler.go:105.28,111.4 1 0
github.com/house-of-cards/hoc/internal/whip/scheduler.go:115.2,115.45 1 1
github.com/house-of-cards/hoc/internal/whip/scheduler.go:115.45,117.72 2 1
github.com/house-of-cards/hoc/internal/whip/scheduler.go:117.72,120.4 2 0
github.com/house-of-cards/hoc/internal/whip/scheduler.go:121.3,121.111 1 1
github.com/house-of-cards/hoc/internal/whip/scheduler.go:121.111,123.4 1 0
github.com/house-of-cards/hoc/internal/whip/scheduler.go:124.3,124.9 1 1
github.com/house-of-cards/hoc/internal/whip/scheduler.go:127.2,131.16 4 0
github.com/house-of-cards/hoc/internal/whip/scheduler.go:131.16,134.72 2 0
github.com/house-of-cards/hoc/internal/whip/scheduler.go:134.72,136.4 1 0
github.com/house-of-cards/hoc/internal/whip/scheduler.go:137.3,137.9 1 0
github.com/house-of-cards/hoc/internal/whip/scheduler.go:140.2,140.20 1 0
github.com/house-of-cards/hoc/internal/whip/scheduler.go:140.20,142.42 1 0
github.com/house-of-cards/hoc/internal/whip/scheduler.go:142.42,143.69 1 0
github.com/house-of-cards/hoc/internal/whip/scheduler.go:143.69,145.5 1 0
github.com/house-of-cards/hoc/internal/whip/scheduler.go:149.3,159.47 3 0
github.com/house-of-cards/hoc/internal/whip/scheduler.go:159.47,161.4 1 0
github.com/house-of-cards/hoc/internal/whip/scheduler.go:163.3,164.142 2 0
github.com/house-of-cards/hoc/internal/whip/scheduler.go:164.142,166.4 1 0
github.com/house-of-cards/hoc/internal/whip/scheduler.go:167.3,167.72 1 0
github.com/house-of-cards/hoc/internal/whip/scheduler.go:167.72,170.4 2 0
github.com/house-of-cards/hoc/internal/whip/scheduler.go:171.3,171.111 1 0
github.com/house-of-cards/hoc/internal/whip/scheduler.go:171.111,173.4 1 0
github.com/house-of-cards/hoc/internal/whip/scheduler.go:174.8,186.47 3 0
github.com/house-of-cards/hoc/internal/whip/scheduler.go:186.47,188.4 1 0
github.com/house-of-cards/hoc/internal/whip/scheduler.go:189.3,190.95 2 0
github.com/house-of-cards/hoc/internal/whip/scheduler.go:190.95,192.4 1 0
github.com/house-of-cards/hoc/internal/whip/scheduler.go:199.96,201.40 2 1
github.com/house-of-cards/hoc/internal/whip/scheduler.go:201.40,203.3 1 1
github.com/house-of-cards/hoc/internal/whip/scheduler.go:205.2,206.64 2 1
github.com/house-of-cards/hoc/internal/whip/scheduler.go:206.64,208.3 1 1
github.com/house-of-cards/hoc/internal/whip/scheduler.go:210.2,210.27 1 1
github.com/house-of-cards/hoc/internal/whip/scheduler.go:210.27,212.10 2 1
github.com/house-of-cards/hoc/internal/whip/scheduler.go:212.10,214.4 1 1
github.com/house-of-cards/hoc/internal/whip/scheduler.go:215.3,215.44 1 1
github.com/house-of-cards/hoc/internal/whip/scheduler.go:215.44,217.4 1 1
github.com/house-of-cards/hoc/internal/whip/scheduler.go:221.2,221.38 1 1
github.com/house-of-cards/hoc/internal/whip/scheduler.go:221.38,222.28 1 1
github.com/house-of-cards/hoc/internal/whip/scheduler.go:222.28,224.18 2 1
github.com/house-of-cards/hoc/internal/whip/scheduler.go:224.18,226.5 1 0
github.com/house-of-cards/hoc/internal/whip/scheduler.go:228.4,229.31 2 1
github.com/house-of-cards/hoc/internal/whip/scheduler.go:229.31,230.88 1 1
github.com/house-of-cards/hoc/internal/whip/scheduler.go:230.88,232.11 2 1
github.com/house-of-cards/hoc/internal/whip/scheduler.go:235.4,235.14 1 1
github.com/house-of-cards/hoc/internal/whip/scheduler.go:235.14,237.5 1 1
github.com/house-of-cards/hoc/internal/whip/scheduler.go:241.2,241.13 1 1
github.com/house-of-cards/hoc/internal/whip/scheduler.go:251.89,252.62 1 1
github.com/house-of-cards/hoc/internal/whip/scheduler.go:252.62,255.3 2 0
github.com/house-of-cards/hoc/internal/whip/scheduler.go:256.2,256.66 1 1
github.com/house-of-cards/hoc/internal/whip/scheduler.go:256.66,258.3 1 0
github.com/house-of-cards/hoc/internal/whip/scheduler.go:260.2,261.169 2 1
github.com/house-of-cards/hoc/internal/whip/scheduler.go:261.169,263.3 1 0
github.com/house-of-cards/hoc/internal/whip/scheduler.go:266.2,280.46 4 1
github.com/house-of-cards/hoc/internal/whip/scheduler.go:280.46,282.3 1 0
github.com/house-of-cards/hoc/internal/whip/scheduler.go:288.66,289.21 1 1
github.com/house-of-cards/hoc/internal/whip/scheduler.go:289.21,291.3 1 1
github.com/house-of-cards/hoc/internal/whip/scheduler.go:293.2,294.62 2 1
github.com/house-of-cards/hoc/internal/whip/scheduler.go:294.62,296.3 1 1
github.com/house-of-cards/hoc/internal/whip/scheduler.go:298.2,301.21 3 1
github.com/house-of-cards/hoc/internal/whip/scheduler.go:301.21,303.3 1 1
github.com/house-of-cards/hoc/internal/whip/scheduler.go:305.2,305.26 1 1
github.com/house-of-cards/hoc/internal/whip/scheduler.go:305.26,307.33 2 1
github.com/house-of-cards/hoc/internal/whip/scheduler.go:307.33,309.4 1 1
github.com/house-of-cards/hoc/internal/whip/scheduler.go:312.2,312.26 1 1
github.com/house-of-cards/hoc/internal/whip/scheduler.go:312.26,314.33 2 1
github.com/house-of-cards/hoc/internal/whip/scheduler.go:314.33,316.4 1 1
github.com/house-of-cards/hoc/internal/whip/scheduler.go:319.2,319.28 1 1
github.com/house-of-cards/hoc/internal/whip/scheduler.go:319.28,321.35 2 1
github.com/house-of-cards/hoc/internal/whip/scheduler.go:321.35,323.4 1 1
github.com/house-of-cards/hoc/internal/whip/scheduler.go:327.2,327.98 1 1
github.com/house-of-cards/hoc/internal/whip/scheduler.go:327.98,329.3 1 1
github.com/house-of-cards/hoc/internal/whip/scheduler.go:331.2,331.20 1 1
github.com/house-of-cards/hoc/internal/whip/scheduler.go:337.69,339.40 2 1
github.com/house-of-cards/hoc/internal/whip/scheduler.go:339.40,341.3 1 1
github.com/house-of-cards/hoc/internal/whip/scheduler.go:343.2,344.82 2 0
github.com/house-of-cards/hoc/internal/whip/scheduler.go:344.82,346.3 1 0
github.com/house-of-cards/hoc/internal/whip/scheduler.go:348.2,351.29 4 0
github.com/house-of-cards/hoc/internal/whip/scheduler.go:351.29,353.39 2 0
github.com/house-of-cards/hoc/internal/whip/scheduler.go:353.39,354.12 1 0
github.com/house-of-cards/hoc/internal/whip/scheduler.go:357.3,360.10 4 0
github.com/house-of-cards/hoc/internal/whip/scheduler.go:362.2,362.16 1 0
github.com/house-of-cards/hoc/internal/whip/scheduler.go:362.16,364.3 1 0
github.com/house-of-cards/hoc/internal/whip/scheduler.go:365.2,365.20 1 0
github.com/house-of-cards/hoc/internal/whip/scheduler.go:369.51,371.34 2 0
github.com/house-of-cards/hoc/internal/whip/scheduler.go:371.34,373.3 1 0
github.com/house-of-cards/hoc/internal/whip/scheduler.go:374.2,374.27 1 0
github.com/house-of-cards/hoc/internal/whip/scheduler.go:374.27,375.88 1 0
github.com/house-of-cards/hoc/internal/whip/scheduler.go:375.88,377.4 1 0
github.com/house-of-cards/hoc/internal/whip/scheduler.go:379.2,379.13 1 0
github.com/house-of-cards/hoc/internal/whip/scheduler.go:393.28,396.16 2 0
github.com/house-of-cards/hoc/internal/whip/scheduler.go:396.16,399.3 2 0
github.com/house-of-cards/hoc/internal/whip/scheduler.go:402.2,404.33 3 0
github.com/house-of-cards/hoc/internal/whip/scheduler.go:404.33,405.25 1 0
github.com/house-of-cards/hoc/internal/whip/scheduler.go:405.25,408.4 2 0
github.com/house-of-cards/hoc/internal/whip/scheduler.go:412.2,413.16 2 0
github.com/house-of-cards/hoc/internal/whip/scheduler.go:413.16,416.3 2 0
github.com/house-of-cards/hoc/internal/whip/scheduler.go:418.2,419.29 2 0
github.com/house-of-cards/hoc/internal/whip/scheduler.go:419.29,420.80 1 0
github.com/house-of-cards/hoc/internal/whip/scheduler.go:420.80,422.4 1 0
github.com/house-of-cards/hoc/internal/whip/scheduler.go:425.2,429.54 3 0
github.com/house-of-cards/hoc/internal/whip/scheduler.go:429.54,432.42 2 0
github.com/house-of-cards/hoc/internal/whip/scheduler.go:432.42,434.4 1 0
github.com/house-of-cards/hoc/internal/whip/scheduler.go:434.9,438.66 3 0
github.com/house-of-cards/hoc/internal/whip/scheduler.go:438.66,440.5 1 0
github.com/house-of-cards/hoc/internal/whip/scheduler.go:440.10,441.190 1 0
github.com/house-of-cards/hoc/internal/whip/scheduler.go:441.190,443.6 1 0
github.com/house-of-cards/hoc/internal/whip/scheduler.go:445.5,450.49 2 0
github.com/house-of-cards/hoc/internal/whip/scheduler.go:450.49,452.6 1 0
github.com/house-of-cards/hoc/internal/whip/scheduler.go:458.2,458.57 1 0
github.com/house-of-cards/hoc/internal/whip/scheduler.go:458.57,460.29 1 0
github.com/house-of-cards/hoc/internal/whip/scheduler.go:460.29,463.168 3 0
github.com/house-of-cards/hoc/internal/whip/scheduler.go:463.168,465.5 1 0
github.com/house-of-cards/hoc/internal/whip/scheduler.go:467.4,467.69 1 0
github.com/house-of-cards/hoc/internal/whip/scheduler.go:467.69,469.5 1 0
github.com/house-of-cards/hoc/internal/whip/scheduler.go:469.10,475.49 2 0
github.com/house-of-cards/hoc/internal/whip/scheduler.go:475.49,477.6 1 0
github.com/house-of-cards/hoc/internal/whip/whip.go:49.69,57.19 7 1
github.com/house-of-cards/hoc/internal/whip/whip.go:57.19,59.3 1 0
github.com/house-of-cards/hoc/internal/whip/whip.go:61.2,66.3 1 1
github.com/house-of-cards/hoc/internal/whip/whip.go:70.41,82.6 7 0
github.com/house-of-cards/hoc/internal/whip/whip.go:82.6,83.10 1 0
github.com/house-of-cards/hoc/internal/whip/whip.go:84.21,86.10 2 0
github.com/house-of-cards/hoc/internal/whip/whip.go:87.19,88.12 1 0
github.com/house-of-cards/hoc/internal/whip/whip.go:89.26,90.21 1 0
github.com/house-of-cards/hoc/internal/whip/whip.go:96.23,111.2 12 0
github.com/house-of-cards/hoc/internal/whip/whip.go:114.39,115.53 1 0
github.com/house-of-cards/hoc/internal/whip/whip.go:115.53,117.3 1 0
github.com/house-of-cards/hoc/internal/whip/whip.go:118.2,118.10 1 0
github.com/house-of-cards/hoc/internal/whip/whip.go:122.41,123.55 1 0
github.com/house-of-cards/hoc/internal/whip/whip.go:123.55,125.3 1 0
github.com/house-of-cards/hoc/internal/whip/whip.go:126.2,126.10 1 0
github.com/house-of-cards/hoc/internal/whip/whip.go:132.25,136.2 3 1
github.com/house-of-cards/hoc/cmd/hoc/main.go:7.13,9.2 1 0
